2025-04-17 19:15:40,951 - memo_app_log - DEBUG - title='明日のアジェンダ' description='会議で話すトピック：プロジェクトの進捗状況'
2025-04-17 19:15:41,857 - memo_app_log - DEBUG - title='明日のアジェンダ' description='会議で話すトピック：プロジェクトの進捗状況'
2025-04-17 19:16:50,659: [DEBUG] 
 title='明日のアジェンダ' description='会議で話すトピック：プロジェクトの進捗状況'
2025-04-23 12:40:16,471: [DEBUG] 
 === データベースの初期化を開始===
2025-04-23 12:40:16,474: [DEBUG] 
 >>> 既存のテーブルを削除しました
2025-04-23 12:40:16,475: [DEBUG] 
 >>> 新しいテーブルを作成しました
2025-04-23 12:41:46,576: [DEBUG] 
 === データベースの初期化を開始===
2025-04-23 12:41:46,583: [DEBUG] 
 >>> 既存のテーブルを削除しました
2025-04-23 12:41:46,584: [DEBUG] 
 >>> 新しいテーブルを作成しました
2025-04-23 21:16:30,694: [DEBUG] 
 === 全件取得：開始 ===
2025-04-23 21:16:30,888: [DEBUG] 
 === 全件取得：開始 ===
2025-04-23 21:16:31,086: [DEBUG] 
 === 全件取得：開始 ===
2025-04-23 21:16:31,325: [DEBUG] 
 === 全件取得：開始 ===
2025-04-23 21:16:31,508: [DEBUG] 
 === 全件取得：開始 ===
2025-04-23 21:16:31,706: [DEBUG] 
 === 全件取得：開始 ===
2025-04-23 21:16:31,917: [DEBUG] 
 === 全件取得：開始 ===
2025-04-23 21:16:32,130: [DEBUG] 
 === 全件取得：開始 ===
2025-04-23 21:16:32,327: [DEBUG] 
 === 全件取得：開始 ===
2025-04-23 21:16:32,541: [DEBUG] 
 === 全件取得：開始 ===
2025-04-23 21:16:38,654: [DEBUG] 
 === 全件取得：開始 ===
2025-04-23 21:16:38,864: [DEBUG] 
 === 全件取得：開始 ===
2025-04-23 21:16:39,066: [DEBUG] 
 === 全件取得：開始 ===
2025-04-23 21:16:39,284: [DEBUG] 
 === 全件取得：開始 ===
2025-04-23 21:16:39,483: [DEBUG] 
 === 全件取得：開始 ===
2025-04-23 21:16:39,693: [DEBUG] 
 === 全件取得：開始 ===
2025-04-23 21:16:39,902: [DEBUG] 
 === 全件取得：開始 ===
2025-04-23 21:16:40,111: [DEBUG] 
 === 全件取得：開始 ===
2025-04-23 21:16:40,314: [DEBUG] 
 === 全件取得：開始 ===
2025-04-23 21:16:40,521: [DEBUG] 
 === 全件取得：開始 ===
2025-04-23 21:16:40,721: [DEBUG] 
 === 全件取得：開始 ===
2025-04-23 21:16:40,927: [DEBUG] 
 === 全件取得：開始 ===
2025-04-23 21:16:41,128: [DEBUG] 
 === 全件取得：開始 ===
2025-04-23 21:16:41,355: [DEBUG] 
 === 全件取得：開始 ===
2025-04-23 21:16:41,540: [DEBUG] 
 === 全件取得：開始 ===
2025-04-23 21:16:41,751: [DEBUG] 
 === 全件取得：開始 ===
2025-04-23 21:16:41,964: [DEBUG] 
 === 全件取得：開始 ===
2025-04-23 21:16:42,178: [DEBUG] 
 === 全件取得：開始 ===
2025-04-23 21:16:42,382: [DEBUG] 
 === 全件取得：開始 ===
2025-04-23 21:16:42,590: [DEBUG] 
 === 全件取得：開始 ===
2025-04-23 21:16:42,798: [DEBUG] 
 === 全件取得：開始 ===
2025-04-23 21:16:43,003: [DEBUG] 
 === 全件取得：開始 ===
2025-04-23 21:16:43,217: [DEBUG] 
 === 全件取得：開始 ===
2025-04-23 21:16:43,420: [DEBUG] 
 === 全件取得：開始 ===
2025-04-23 21:16:43,626: [DEBUG] 
 === 全件取得：開始 ===
2025-04-23 21:16:43,837: [DEBUG] 
 === 全件取得：開始 ===
2025-04-23 21:16:44,044: [DEBUG] 
 === 全件取得：開始 ===
2025-04-23 21:16:44,263: [DEBUG] 
 === 全件取得：開始 ===
2025-04-23 21:16:44,468: [DEBUG] 
 === 全件取得：開始 ===
2025-04-23 21:16:44,664: [DEBUG] 
 === 全件取得：開始 ===
2025-04-23 21:16:44,866: [DEBUG] 
 === 全件取得：開始 ===
2025-04-23 21:16:45,077: [DEBUG] 
 === 全件取得：開始 ===
2025-04-23 21:16:45,290: [DEBUG] 
 === 全件取得：開始 ===
2025-04-23 21:16:45,494: [DEBUG] 
 === 全件取得：開始 ===
2025-04-23 21:16:45,702: [DEBUG] 
 === 全件取得：開始 ===
2025-04-23 21:16:45,908: [DEBUG] 
 === 全件取得：開始 ===
2025-04-23 21:16:46,118: [DEBUG] 
 === 全件取得：開始 ===
2025-04-23 21:16:46,324: [DEBUG] 
 === 全件取得：開始 ===
2025-04-23 21:16:46,546: [DEBUG] 
 === 全件取得：開始 ===
2025-04-23 21:16:46,743: [DEBUG] 
 === 全件取得：開始 ===
2025-04-23 21:16:46,948: [DEBUG] 
 === 全件取得：開始 ===
2025-04-23 21:16:47,157: [DEBUG] 
 === 全件取得：開始 ===
2025-04-23 21:16:47,370: [DEBUG] 
 === 全件取得：開始 ===
2025-04-23 21:16:47,587: [DEBUG] 
 === 全件取得：開始 ===
2025-04-23 21:16:47,777: [DEBUG] 
 === 全件取得：開始 ===
2025-04-23 21:16:48,050: [DEBUG] 
 === 全件取得：開始 ===
2025-04-23 21:16:48,187: [DEBUG] 
 === 全件取得：開始 ===
2025-04-23 21:16:48,397: [DEBUG] 
 === 全件取得：開始 ===
2025-04-23 21:16:48,603: [DEBUG] 
 === 全件取得：開始 ===
2025-04-23 21:16:48,820: [DEBUG] 
 === 全件取得：開始 ===
2025-04-23 21:16:49,036: [DEBUG] 
 === 全件取得：開始 ===
2025-04-23 21:16:49,246: [DEBUG] 
 === 全件取得：開始 ===
2025-04-23 21:16:49,455: [DEBUG] 
 === 全件取得：開始 ===
2025-04-23 21:16:49,649: [DEBUG] 
 === 全件取得：開始 ===
2025-04-23 21:16:49,848: [DEBUG] 
 === 全件取得：開始 ===
2025-04-23 21:16:50,064: [DEBUG] 
 === 全件取得：開始 ===
2025-04-23 21:16:50,273: [DEBUG] 
 === 全件取得：開始 ===
2025-04-23 21:16:50,471: [DEBUG] 
 === 全件取得：開始 ===
2025-04-23 21:16:50,685: [DEBUG] 
 === 全件取得：開始 ===
2025-04-23 21:16:50,895: [DEBUG] 
 === 全件取得：開始 ===
2025-04-23 21:16:51,091: [DEBUG] 
 === 全件取得：開始 ===
2025-04-23 21:16:51,299: [DEBUG] 
 === 全件取得：開始 ===
2025-04-23 21:16:51,509: [DEBUG] 
 === 全件取得：開始 ===
2025-04-23 21:16:51,718: [DEBUG] 
 === 全件取得：開始 ===
2025-04-23 21:16:51,934: [DEBUG] 
 === 全件取得：開始 ===
2025-04-23 21:16:52,135: [DEBUG] 
 === 全件取得：開始 ===
2025-04-23 21:16:52,342: [DEBUG] 
 === 全件取得：開始 ===
2025-04-23 21:16:52,550: [DEBUG] 
 === 全件取得：開始 ===
2025-04-23 21:16:52,765: [DEBUG] 
 === 全件取得：開始 ===
2025-04-23 21:16:52,966: [DEBUG] 
 === 全件取得：開始 ===
2025-04-23 21:16:53,170: [DEBUG] 
 === 全件取得：開始 ===
2025-04-23 21:16:53,377: [DEBUG] 
 === 全件取得：開始 ===
2025-04-23 21:16:53,583: [DEBUG] 
 === 全件取得：開始 ===
2025-04-23 21:16:53,780: [DEBUG] 
 === 全件取得：開始 ===
2025-04-23 21:16:53,989: [DEBUG] 
 === 全件取得：開始 ===
2025-04-23 21:16:54,202: [DEBUG] 
 === 全件取得：開始 ===
2025-04-23 21:16:54,408: [DEBUG] 
 === 全件取得：開始 ===
2025-04-23 21:16:54,606: [DEBUG] 
 === 全件取得：開始 ===
2025-04-23 21:16:54,819: [DEBUG] 
 === 全件取得：開始 ===
2025-04-23 21:16:55,033: [DEBUG] 
 === 全件取得：開始 ===
2025-04-23 21:16:55,239: [DEBUG] 
 === 全件取得：開始 ===
2025-04-23 21:16:55,448: [DEBUG] 
 === 全件取得：開始 ===
2025-04-23 21:16:55,649: [DEBUG] 
 === 全件取得：開始 ===
2025-04-23 21:16:55,858: [DEBUG] 
 === 全件取得：開始 ===
2025-04-23 21:16:56,054: [DEBUG] 
 === 全件取得：開始 ===
2025-04-23 21:16:56,268: [DEBUG] 
 === 全件取得：開始 ===
2025-04-23 21:16:56,472: [DEBUG] 
 === 全件取得：開始 ===
2025-04-23 21:16:56,684: [DEBUG] 
 === 全件取得：開始 ===
2025-04-23 21:16:56,901: [DEBUG] 
 === 全件取得：開始 ===
2025-04-23 21:16:57,096: [DEBUG] 
 === 全件取得：開始 ===
2025-04-23 21:16:57,306: [DEBUG] 
 === 全件取得：開始 ===
2025-04-23 21:16:57,513: [DEBUG] 
 === 全件取得：開始 ===
2025-04-23 21:16:57,724: [DEBUG] 
 === 全件取得：開始 ===
2025-04-23 21:16:57,929: [DEBUG] 
 === 全件取得：開始 ===
2025-04-23 21:16:58,133: [DEBUG] 
 === 全件取得：開始 ===
2025-04-23 21:18:20,346: [DEBUG] 
 === 全件取得：開始 ===
2025-04-23 21:18:20,532: [DEBUG] 
 === 全件取得：開始 ===
2025-04-23 21:18:20,741: [DEBUG] 
 === 全件取得：開始 ===
2025-04-23 21:18:20,942: [DEBUG] 
 === 全件取得：開始 ===
2025-04-23 21:18:21,150: [DEBUG] 
 === 全件取得：開始 ===
2025-04-23 21:18:21,343: [DEBUG] 
 === 全件取得：開始 ===
2025-04-23 21:18:21,572: [DEBUG] 
 === 全件取得：開始 ===
2025-04-23 21:18:21,775: [DEBUG] 
 === 全件取得：開始 ===
2025-04-23 21:18:21,994: [DEBUG] 
 === 全件取得：開始 ===
2025-04-23 21:18:22,180: [DEBUG] 
 === 全件取得：開始 ===
2025-04-23 21:18:22,401: [DEBUG] 
 === 全件取得：開始 ===
2025-04-23 21:18:22,606: [DEBUG] 
 === 全件取得：開始 ===
2025-04-23 21:18:22,820: [DEBUG] 
 === 全件取得：開始 ===
2025-04-23 21:18:23,024: [DEBUG] 
 === 全件取得：開始 ===
2025-04-23 21:18:23,235: [DEBUG] 
 === 全件取得：開始 ===
2025-04-23 21:18:23,440: [DEBUG] 
 === 全件取得：開始 ===
2025-04-23 21:18:23,644: [DEBUG] 
 === 全件取得：開始 ===
2025-04-23 21:18:23,850: [DEBUG] 
 === 全件取得：開始 ===
2025-04-23 21:18:24,060: [DEBUG] 
 === 全件取得：開始 ===
2025-04-23 21:18:24,264: [DEBUG] 
 === 全件取得：開始 ===
2025-04-23 21:18:24,472: [DEBUG] 
 === 全件取得：開始 ===
2025-04-23 21:18:24,676: [DEBUG] 
 === 全件取得：開始 ===
2025-04-23 21:18:24,892: [DEBUG] 
 === 全件取得：開始 ===
2025-04-23 21:18:25,098: [DEBUG] 
 === 全件取得：開始 ===
2025-04-23 21:18:25,302: [DEBUG] 
 === 全件取得：開始 ===
2025-04-23 21:18:25,509: [DEBUG] 
 === 全件取得：開始 ===
2025-04-23 21:18:25,911: [DEBUG] 
 === 全件取得：開始 ===
2025-04-23 21:18:26,164: [DEBUG] 
 === 全件取得：開始 ===
2025-04-23 21:18:26,331: [DEBUG] 
 === 全件取得：開始 ===
2025-04-23 21:18:26,542: [DEBUG] 
 === 全件取得：開始 ===
2025-04-23 21:18:26,755: [DEBUG] 
 === 全件取得：開始 ===
2025-04-23 21:18:26,957: [DEBUG] 
 === 全件取得：開始 ===
2025-04-23 21:18:27,166: [DEBUG] 
 === 全件取得：開始 ===
2025-04-23 21:18:27,378: [DEBUG] 
 === 全件取得：開始 ===
2025-04-23 21:18:27,586: [DEBUG] 
 === 全件取得：開始 ===
2025-04-23 21:18:27,775: [DEBUG] 
 === 全件取得：開始 ===
2025-04-23 21:18:27,981: [DEBUG] 
 === 全件取得：開始 ===
2025-04-23 21:18:28,197: [DEBUG] 
 === 全件取得：開始 ===
2025-04-23 21:18:28,406: [DEBUG] 
 === 全件取得：開始 ===
2025-04-23 21:18:28,613: [DEBUG] 
 === 全件取得：開始 ===
2025-04-23 21:18:28,821: [DEBUG] 
 === 全件取得：開始 ===
2025-04-23 21:18:29,027: [DEBUG] 
 === 全件取得：開始 ===
2025-04-23 21:18:29,233: [DEBUG] 
 === 全件取得：開始 ===
2025-04-23 21:18:29,447: [DEBUG] 
 === 全件取得：開始 ===
2025-04-23 21:18:29,656: [DEBUG] 
 === 全件取得：開始 ===
2025-04-23 21:18:29,869: [DEBUG] 
 === 全件取得：開始 ===
2025-04-23 21:18:30,064: [DEBUG] 
 === 全件取得：開始 ===
2025-04-23 21:18:30,274: [DEBUG] 
 === 全件取得：開始 ===
2025-04-23 21:19:20,641: [DEBUG] 
 === データベースの初期化を開始===
2025-04-23 21:24:06,585: [DEBUG] 
 === データベースの初期化を開始===
2025-04-23 21:24:06,590: [DEBUG] 
 >>> 既存のテーブルを削除しました
2025-04-23 21:24:06,591: [DEBUG] 
 >>> 新しいテーブルを作成しました
2025-04-23 21:24:24,612: [DEBUG] 
 === 全件取得：開始 ===
2025-04-23 21:24:24,625: [DEBUG] 
 >>> データ全件取得完了
2025-04-23 21:24:24,797: [DEBUG] 
 === 全件取得：開始 ===
2025-04-23 21:24:24,799: [DEBUG] 
 >>> データ全件取得完了
2025-04-23 21:24:25,001: [DEBUG] 
 === 全件取得：開始 ===
2025-04-23 21:24:25,004: [DEBUG] 
 >>> データ全件取得完了
2025-04-23 21:24:25,216: [DEBUG] 
 === 全件取得：開始 ===
2025-04-23 21:24:25,221: [DEBUG] 
 >>> データ全件取得完了
2025-04-23 21:24:25,435: [DEBUG] 
 === 全件取得：開始 ===
2025-04-23 21:24:25,437: [DEBUG] 
 >>> データ全件取得完了
2025-04-23 21:24:25,952: [DEBUG] 
 === 全件取得：開始 ===
2025-04-23 21:24:25,960: [DEBUG] 
 >>> データ全件取得完了
2025-04-23 21:24:26,149: [DEBUG] 
 === 全件取得：開始 ===
2025-04-23 21:24:26,152: [DEBUG] 
 >>> データ全件取得完了
2025-04-23 21:24:26,397: [DEBUG] 
 === 全件取得：開始 ===
2025-04-23 21:24:26,400: [DEBUG] 
 >>> データ全件取得完了
2025-04-23 21:24:26,590: [DEBUG] 
 === 全件取得：開始 ===
2025-04-23 21:24:26,595: [DEBUG] 
 >>> データ全件取得完了
2025-04-23 21:24:26,791: [DEBUG] 
 === 全件取得：開始 ===
2025-04-23 21:24:26,794: [DEBUG] 
 >>> データ全件取得完了
2025-04-23 21:24:26,987: [DEBUG] 
 === 全件取得：開始 ===
2025-04-23 21:24:26,989: [DEBUG] 
 >>> データ全件取得完了
2025-04-23 21:24:27,199: [DEBUG] 
 === 全件取得：開始 ===
2025-04-23 21:24:27,202: [DEBUG] 
 >>> データ全件取得完了
2025-04-23 21:24:27,399: [DEBUG] 
 === 全件取得：開始 ===
2025-04-23 21:24:27,401: [DEBUG] 
 >>> データ全件取得完了
2025-04-23 21:24:27,603: [DEBUG] 
 === 全件取得：開始 ===
2025-04-23 21:24:27,605: [DEBUG] 
 >>> データ全件取得完了
2025-04-23 21:24:27,804: [DEBUG] 
 === 全件取得：開始 ===
2025-04-23 21:24:27,808: [DEBUG] 
 >>> データ全件取得完了
2025-04-23 21:24:28,014: [DEBUG] 
 === 全件取得：開始 ===
2025-04-23 21:24:28,017: [DEBUG] 
 >>> データ全件取得完了
2025-04-23 21:24:28,234: [DEBUG] 
 === 全件取得：開始 ===
2025-04-23 21:24:28,238: [DEBUG] 
 >>> データ全件取得完了
2025-04-23 21:24:28,439: [DEBUG] 
 === 全件取得：開始 ===
2025-04-23 21:24:28,443: [DEBUG] 
 >>> データ全件取得完了
2025-04-23 21:24:28,639: [DEBUG] 
 === 全件取得：開始 ===
2025-04-23 21:24:28,642: [DEBUG] 
 >>> データ全件取得完了
2025-04-23 21:24:28,841: [DEBUG] 
 === 全件取得：開始 ===
2025-04-23 21:24:28,846: [DEBUG] 
 >>> データ全件取得完了
2025-04-23 21:24:29,054: [DEBUG] 
 === 全件取得：開始 ===
2025-04-23 21:24:29,057: [DEBUG] 
 >>> データ全件取得完了
2025-04-23 21:24:29,266: [DEBUG] 
 === 全件取得：開始 ===
2025-04-23 21:24:29,269: [DEBUG] 
 >>> データ全件取得完了
2025-04-23 21:24:29,469: [DEBUG] 
 === 全件取得：開始 ===
2025-04-23 21:24:29,625: [DEBUG] 
 >>> データ全件取得完了
2025-04-23 21:24:29,743: [DEBUG] 
 === 全件取得：開始 ===
2025-04-23 21:24:29,744: [DEBUG] 
 >>> データ全件取得完了
2025-04-23 21:24:29,875: [DEBUG] 
 === 全件取得：開始 ===
2025-04-23 21:24:29,877: [DEBUG] 
 >>> データ全件取得完了
2025-04-23 21:24:30,105: [DEBUG] 
 === 全件取得：開始 ===
2025-04-23 21:24:30,107: [DEBUG] 
 >>> データ全件取得完了
2025-04-23 21:24:30,302: [DEBUG] 
 === 全件取得：開始 ===
2025-04-23 21:24:30,305: [DEBUG] 
 >>> データ全件取得完了
2025-04-23 21:24:30,509: [DEBUG] 
 === 全件取得：開始 ===
2025-04-23 21:24:30,512: [DEBUG] 
 >>> データ全件取得完了
2025-04-23 21:24:30,717: [DEBUG] 
 === 全件取得：開始 ===
2025-04-23 21:24:30,719: [DEBUG] 
 >>> データ全件取得完了
2025-04-23 21:24:30,915: [DEBUG] 
 === 全件取得：開始 ===
2025-04-23 21:24:30,918: [DEBUG] 
 >>> データ全件取得完了
2025-04-23 21:24:31,128: [DEBUG] 
 === 全件取得：開始 ===
2025-04-23 21:24:31,131: [DEBUG] 
 >>> データ全件取得完了
2025-04-23 21:24:31,348: [DEBUG] 
 === 全件取得：開始 ===
2025-04-23 21:24:31,350: [DEBUG] 
 >>> データ全件取得完了
2025-04-23 21:24:31,542: [DEBUG] 
 === 全件取得：開始 ===
2025-04-23 21:24:31,545: [DEBUG] 
 >>> データ全件取得完了
2025-04-23 21:24:31,755: [DEBUG] 
 === 全件取得：開始 ===
2025-04-23 21:24:31,757: [DEBUG] 
 >>> データ全件取得完了
2025-04-23 21:24:31,957: [DEBUG] 
 === 全件取得：開始 ===
2025-04-23 21:24:31,960: [DEBUG] 
 >>> データ全件取得完了
2025-04-23 21:24:32,168: [DEBUG] 
 === 全件取得：開始 ===
2025-04-23 21:24:32,170: [DEBUG] 
 >>> データ全件取得完了
2025-04-23 21:24:32,374: [DEBUG] 
 === 全件取得：開始 ===
2025-04-23 21:24:32,377: [DEBUG] 
 >>> データ全件取得完了
2025-04-23 21:24:32,582: [DEBUG] 
 === 全件取得：開始 ===
2025-04-23 21:24:32,585: [DEBUG] 
 >>> データ全件取得完了
2025-04-23 21:24:32,844: [DEBUG] 
 === 全件取得：開始 ===
2025-04-23 21:24:32,849: [DEBUG] 
 >>> データ全件取得完了
2025-04-23 21:24:32,991: [DEBUG] 
 === 全件取得：開始 ===
2025-04-23 21:24:32,993: [DEBUG] 
 >>> データ全件取得完了
2025-04-23 21:24:33,193: [DEBUG] 
 === 全件取得：開始 ===
2025-04-23 21:24:33,195: [DEBUG] 
 >>> データ全件取得完了
2025-04-23 21:24:33,407: [DEBUG] 
 === 全件取得：開始 ===
2025-04-23 21:24:33,410: [DEBUG] 
 >>> データ全件取得完了
2025-04-23 21:24:33,599: [DEBUG] 
 === 全件取得：開始 ===
2025-04-23 21:24:33,601: [DEBUG] 
 >>> データ全件取得完了
2025-04-23 21:24:33,807: [DEBUG] 
 === 全件取得：開始 ===
2025-04-23 21:24:33,809: [DEBUG] 
 >>> データ全件取得完了
2025-04-23 21:24:34,019: [DEBUG] 
 === 全件取得：開始 ===
2025-04-23 21:24:34,021: [DEBUG] 
 >>> データ全件取得完了
2025-04-23 21:24:34,229: [DEBUG] 
 === 全件取得：開始 ===
2025-04-23 21:24:34,232: [DEBUG] 
 >>> データ全件取得完了
2025-04-23 21:24:34,437: [DEBUG] 
 === 全件取得：開始 ===
2025-04-23 21:24:34,439: [DEBUG] 
 >>> データ全件取得完了
2025-04-23 21:24:34,645: [DEBUG] 
 === 全件取得：開始 ===
2025-04-23 21:24:34,647: [DEBUG] 
 >>> データ全件取得完了
2025-04-23 21:24:34,852: [DEBUG] 
 === 全件取得：開始 ===
2025-04-23 21:24:34,856: [DEBUG] 
 >>> データ全件取得完了
2025-04-23 21:24:35,059: [DEBUG] 
 === 全件取得：開始 ===
2025-04-23 21:24:35,061: [DEBUG] 
 >>> データ全件取得完了
2025-04-23 21:24:35,263: [DEBUG] 
 === 全件取得：開始 ===
2025-04-23 21:24:35,266: [DEBUG] 
 >>> データ全件取得完了
2025-04-23 21:24:35,487: [DEBUG] 
 === 全件取得：開始 ===
2025-04-23 21:24:35,490: [DEBUG] 
 >>> データ全件取得完了
2025-04-23 21:24:35,693: [DEBUG] 
 === 全件取得：開始 ===
2025-04-23 21:24:35,696: [DEBUG] 
 >>> データ全件取得完了
2025-04-23 21:24:35,898: [DEBUG] 
 === 全件取得：開始 ===
2025-04-23 21:24:35,901: [DEBUG] 
 >>> データ全件取得完了
2025-04-23 21:24:36,102: [DEBUG] 
 === 全件取得：開始 ===
2025-04-23 21:24:36,106: [DEBUG] 
 >>> データ全件取得完了
2025-04-23 21:24:36,302: [DEBUG] 
 === 全件取得：開始 ===
2025-04-23 21:24:36,305: [DEBUG] 
 >>> データ全件取得完了
2025-04-23 21:24:36,516: [DEBUG] 
 === 全件取得：開始 ===
2025-04-23 21:24:36,519: [DEBUG] 
 >>> データ全件取得完了
2025-04-23 21:24:36,883: [DEBUG] 
 === 全件取得：開始 ===
2025-04-23 21:24:36,885: [DEBUG] 
 >>> データ全件取得完了
2025-04-23 21:24:37,016: [DEBUG] 
 === 全件取得：開始 ===
2025-04-23 21:24:37,017: [DEBUG] 
 >>> データ全件取得完了
2025-04-23 21:24:37,237: [DEBUG] 
 === 全件取得：開始 ===
2025-04-23 21:24:37,240: [DEBUG] 
 >>> データ全件取得完了
2025-04-23 21:24:37,435: [DEBUG] 
 === 全件取得：開始 ===
2025-04-23 21:24:37,437: [DEBUG] 
 >>> データ全件取得完了
2025-04-23 21:24:37,641: [DEBUG] 
 === 全件取得：開始 ===
2025-04-23 21:24:37,644: [DEBUG] 
 >>> データ全件取得完了
2025-04-23 21:24:37,856: [DEBUG] 
 === 全件取得：開始 ===
2025-04-23 21:24:37,860: [DEBUG] 
 >>> データ全件取得完了
2025-04-23 21:24:38,059: [DEBUG] 
 === 全件取得：開始 ===
2025-04-23 21:24:38,062: [DEBUG] 
 >>> データ全件取得完了
2025-04-23 21:24:38,268: [DEBUG] 
 === 全件取得：開始 ===
2025-04-23 21:24:38,270: [DEBUG] 
 >>> データ全件取得完了
2025-04-23 21:24:38,473: [DEBUG] 
 === 全件取得：開始 ===
2025-04-23 21:24:38,476: [DEBUG] 
 >>> データ全件取得完了
2025-04-23 21:24:38,711: [DEBUG] 
 === 全件取得：開始 ===
2025-04-23 21:24:38,716: [DEBUG] 
 >>> データ全件取得完了
2025-04-23 21:24:38,892: [DEBUG] 
 === 全件取得：開始 ===
2025-04-23 21:24:38,894: [DEBUG] 
 >>> データ全件取得完了
2025-04-23 21:24:39,107: [DEBUG] 
 === 全件取得：開始 ===
2025-04-23 21:24:39,109: [DEBUG] 
 >>> データ全件取得完了
2025-04-23 21:24:39,320: [DEBUG] 
 === 全件取得：開始 ===
2025-04-23 21:24:39,323: [DEBUG] 
 >>> データ全件取得完了
2025-04-23 21:24:39,527: [DEBUG] 
 === 全件取得：開始 ===
2025-04-23 21:24:39,530: [DEBUG] 
 >>> データ全件取得完了
2025-04-23 21:24:39,729: [DEBUG] 
 === 全件取得：開始 ===
2025-04-23 21:24:39,743: [DEBUG] 
 >>> データ全件取得完了
2025-04-23 21:24:39,941: [DEBUG] 
 === 全件取得：開始 ===
2025-04-23 21:24:39,944: [DEBUG] 
 >>> データ全件取得完了
2025-04-23 21:24:40,143: [DEBUG] 
 === 全件取得：開始 ===
2025-04-23 21:24:40,145: [DEBUG] 
 >>> データ全件取得完了
2025-04-23 21:24:40,345: [DEBUG] 
 === 全件取得：開始 ===
2025-04-23 21:24:40,347: [DEBUG] 
 >>> データ全件取得完了
2025-04-23 21:24:40,584: [DEBUG] 
 === 全件取得：開始 ===
2025-04-23 21:24:40,589: [DEBUG] 
 >>> データ全件取得完了
2025-04-23 21:24:40,759: [DEBUG] 
 === 全件取得：開始 ===
2025-04-23 21:24:40,761: [DEBUG] 
 >>> データ全件取得完了
2025-04-23 21:24:41,000: [DEBUG] 
 === 全件取得：開始 ===
2025-04-23 21:24:41,002: [DEBUG] 
 >>> データ全件取得完了
2025-04-23 21:24:41,170: [DEBUG] 
 === 全件取得：開始 ===
2025-04-23 21:24:41,173: [DEBUG] 
 >>> データ全件取得完了
2025-04-23 21:24:41,383: [DEBUG] 
 === 全件取得：開始 ===
2025-04-23 21:24:41,386: [DEBUG] 
 >>> データ全件取得完了
2025-04-23 21:24:41,579: [DEBUG] 
 === 全件取得：開始 ===
2025-04-23 21:24:41,585: [DEBUG] 
 >>> データ全件取得完了
2025-04-23 21:24:41,805: [DEBUG] 
 === 全件取得：開始 ===
2025-04-23 21:24:41,808: [DEBUG] 
 >>> データ全件取得完了
2025-04-23 21:24:42,000: [DEBUG] 
 === 全件取得：開始 ===
2025-04-23 21:24:42,003: [DEBUG] 
 >>> データ全件取得完了
2025-04-23 21:24:42,209: [DEBUG] 
 === 全件取得：開始 ===
2025-04-23 21:24:42,212: [DEBUG] 
 >>> データ全件取得完了
2025-04-23 21:24:42,409: [DEBUG] 
 === 全件取得：開始 ===
2025-04-23 21:24:42,412: [DEBUG] 
 >>> データ全件取得完了
2025-04-23 21:24:42,615: [DEBUG] 
 === 全件取得：開始 ===
2025-04-23 21:24:42,618: [DEBUG] 
 >>> データ全件取得完了
2025-04-23 21:24:42,837: [DEBUG] 
 === 全件取得：開始 ===
2025-04-23 21:24:42,843: [DEBUG] 
 >>> データ全件取得完了
2025-04-23 21:24:43,028: [DEBUG] 
 === 全件取得：開始 ===
2025-04-23 21:24:43,031: [DEBUG] 
 >>> データ全件取得完了
2025-04-23 21:24:43,255: [DEBUG] 
 === 全件取得：開始 ===
2025-04-23 21:24:43,257: [DEBUG] 
 >>> データ全件取得完了
2025-04-23 21:24:43,437: [DEBUG] 
 === 全件取得：開始 ===
2025-04-23 21:24:43,439: [DEBUG] 
 >>> データ全件取得完了
2025-04-23 21:24:43,650: [DEBUG] 
 === 全件取得：開始 ===
2025-04-23 21:24:43,653: [DEBUG] 
 >>> データ全件取得完了
2025-04-23 21:24:43,868: [DEBUG] 
 === 全件取得：開始 ===
2025-04-23 21:24:43,875: [DEBUG] 
 >>> データ全件取得完了
2025-04-23 21:24:44,058: [DEBUG] 
 === 全件取得：開始 ===
2025-04-23 21:24:44,060: [DEBUG] 
 >>> データ全件取得完了
2025-04-23 21:24:44,273: [DEBUG] 
 === 全件取得：開始 ===
2025-04-23 21:24:44,277: [DEBUG] 
 >>> データ全件取得完了
2025-04-23 21:24:44,490: [DEBUG] 
 === 全件取得：開始 ===
2025-04-23 21:24:44,492: [DEBUG] 
 >>> データ全件取得完了
2025-04-23 21:24:44,692: [DEBUG] 
 === 全件取得：開始 ===
2025-04-23 21:24:44,702: [DEBUG] 
 >>> データ全件取得完了
2025-04-23 21:24:44,915: [DEBUG] 
 === 全件取得：開始 ===
2025-04-23 21:24:44,918: [DEBUG] 
 >>> データ全件取得完了
2025-04-23 21:24:45,291: [DEBUG] 
 === 全件取得：開始 ===
2025-04-23 21:24:45,331: [DEBUG] 
 >>> データ全件取得完了
2025-04-23 21:24:45,439: [DEBUG] 
 === 全件取得：開始 ===
2025-04-23 21:24:45,441: [DEBUG] 
 >>> データ全件取得完了
2025-04-23 21:24:45,663: [DEBUG] 
 === 全件取得：開始 ===
2025-04-23 21:24:45,666: [DEBUG] 
 >>> データ全件取得完了
2025-04-23 21:24:45,848: [DEBUG] 
 === 全件取得：開始 ===
2025-04-23 21:24:45,850: [DEBUG] 
 >>> データ全件取得完了
2025-04-23 21:24:46,060: [DEBUG] 
 === 全件取得：開始 ===
2025-04-23 21:24:46,063: [DEBUG] 
 >>> データ全件取得完了
2025-04-23 21:24:46,486: [DEBUG] 
 === 全件取得：開始 ===
2025-04-23 21:24:46,497: [DEBUG] 
 >>> データ全件取得完了
2025-04-23 21:24:46,683: [DEBUG] 
 === 全件取得：開始 ===
2025-04-23 21:24:46,687: [DEBUG] 
 >>> データ全件取得完了
2025-04-23 21:24:46,891: [DEBUG] 
 === 全件取得：開始 ===
2025-04-23 21:24:46,894: [DEBUG] 
 >>> データ全件取得完了
2025-04-23 21:24:47,088: [DEBUG] 
 === 全件取得：開始 ===
2025-04-23 21:24:47,091: [DEBUG] 
 >>> データ全件取得完了
2025-04-23 21:24:47,308: [DEBUG] 
 === 全件取得：開始 ===
2025-04-23 21:24:47,311: [DEBUG] 
 >>> データ全件取得完了
2025-04-23 21:24:47,506: [DEBUG] 
 === 全件取得：開始 ===
2025-04-23 21:24:47,509: [DEBUG] 
 >>> データ全件取得完了
2025-04-23 21:24:47,707: [DEBUG] 
 === 全件取得：開始 ===
2025-04-23 21:24:47,709: [DEBUG] 
 >>> データ全件取得完了
2025-04-23 21:24:47,922: [DEBUG] 
 === 全件取得：開始 ===
2025-04-23 21:24:47,925: [DEBUG] 
 >>> データ全件取得完了
2025-04-23 21:33:26,200: [DEBUG] 
 === 新規登録：開始 ===
2025-04-23 21:33:30,864: [DEBUG] 
 === 全件取得：開始 ===
2025-04-23 21:33:30,876: [DEBUG] 
 >>> データ全件取得完了
2025-04-23 21:33:31,091: [DEBUG] 
 === 全件取得：開始 ===
2025-04-23 21:33:31,093: [DEBUG] 
 >>> データ全件取得完了
2025-04-23 21:33:31,296: [DEBUG] 
 === 全件取得：開始 ===
2025-04-23 21:33:31,300: [DEBUG] 
 >>> データ全件取得完了
2025-04-23 21:33:31,515: [DEBUG] 
 === 全件取得：開始 ===
2025-04-23 21:33:31,522: [DEBUG] 
 >>> データ全件取得完了
2025-04-23 21:33:31,736: [DEBUG] 
 === 全件取得：開始 ===
2025-04-23 21:33:31,751: [DEBUG] 
 >>> データ全件取得完了
2025-04-23 21:33:31,934: [DEBUG] 
 === 全件取得：開始 ===
2025-04-23 21:33:31,939: [DEBUG] 
 >>> データ全件取得完了
2025-04-23 21:33:32,168: [DEBUG] 
 === 全件取得：開始 ===
2025-04-23 21:33:32,170: [DEBUG] 
 >>> データ全件取得完了
2025-04-23 21:33:32,329: [DEBUG] 
 === 全件取得：開始 ===
2025-04-23 21:33:32,332: [DEBUG] 
 >>> データ全件取得完了
2025-04-23 21:33:32,538: [DEBUG] 
 === 全件取得：開始 ===
2025-04-23 21:33:32,541: [DEBUG] 
 >>> データ全件取得完了
2025-04-23 21:33:32,969: [DEBUG] 
 === 全件取得：開始 ===
2025-04-23 21:33:32,971: [DEBUG] 
 >>> データ全件取得完了
2025-04-23 21:33:33,193: [DEBUG] 
 === 全件取得：開始 ===
2025-04-23 21:33:33,205: [DEBUG] 
 >>> データ全件取得完了
2025-04-23 21:33:33,395: [DEBUG] 
 === 全件取得：開始 ===
2025-04-23 21:33:33,399: [DEBUG] 
 >>> データ全件取得完了
2025-04-23 21:33:33,606: [DEBUG] 
 === 全件取得：開始 ===
2025-04-23 21:33:33,608: [DEBUG] 
 >>> データ全件取得完了
2025-04-23 21:33:33,821: [DEBUG] 
 === 全件取得：開始 ===
2025-04-23 21:33:33,825: [DEBUG] 
 >>> データ全件取得完了
2025-04-23 21:33:34,012: [DEBUG] 
 === 全件取得：開始 ===
2025-04-23 21:33:34,014: [DEBUG] 
 >>> データ全件取得完了
2025-04-23 21:33:34,229: [DEBUG] 
 === 全件取得：開始 ===
2025-04-23 21:33:34,232: [DEBUG] 
 >>> データ全件取得完了
2025-04-23 21:33:34,433: [DEBUG] 
 === 全件取得：開始 ===
2025-04-23 21:33:34,435: [DEBUG] 
 >>> データ全件取得完了
2025-04-23 21:33:34,639: [DEBUG] 
 === 全件取得：開始 ===
2025-04-23 21:33:34,641: [DEBUG] 
 >>> データ全件取得完了
2025-04-23 21:33:34,855: [DEBUG] 
 === 全件取得：開始 ===
2025-04-23 21:33:34,858: [DEBUG] 
 >>> データ全件取得完了
2025-04-23 21:33:35,039: [DEBUG] 
 === 全件取得：開始 ===
2025-04-23 21:33:35,042: [DEBUG] 
 >>> データ全件取得完了
2025-04-23 21:33:35,248: [DEBUG] 
 === 全件取得：開始 ===
2025-04-23 21:33:35,249: [DEBUG] 
 >>> データ全件取得完了
2025-04-23 21:33:35,465: [DEBUG] 
 === 全件取得：開始 ===
2025-04-23 21:33:35,468: [DEBUG] 
 >>> データ全件取得完了
2025-04-23 21:33:35,679: [DEBUG] 
 === 全件取得：開始 ===
2025-04-23 21:33:35,682: [DEBUG] 
 >>> データ全件取得完了
2025-04-23 21:33:35,876: [DEBUG] 
 === 全件取得：開始 ===
2025-04-23 21:33:35,879: [DEBUG] 
 >>> データ全件取得完了
2025-04-23 21:33:36,091: [DEBUG] 
 === 全件取得：開始 ===
2025-04-23 21:33:36,094: [DEBUG] 
 >>> データ全件取得完了
2025-04-23 21:33:36,297: [DEBUG] 
 === 全件取得：開始 ===
2025-04-23 21:33:36,299: [DEBUG] 
 >>> データ全件取得完了
2025-04-23 21:33:36,510: [DEBUG] 
 === 全件取得：開始 ===
2025-04-23 21:33:36,512: [DEBUG] 
 >>> データ全件取得完了
2025-04-23 21:33:36,711: [DEBUG] 
 === 全件取得：開始 ===
2025-04-23 21:33:36,713: [DEBUG] 
 >>> データ全件取得完了
2025-04-23 21:33:36,911: [DEBUG] 
 === 全件取得：開始 ===
2025-04-23 21:33:36,913: [DEBUG] 
 >>> データ全件取得完了
2025-04-23 21:33:37,119: [DEBUG] 
 === 全件取得：開始 ===
2025-04-23 21:33:37,122: [DEBUG] 
 >>> データ全件取得完了
2025-04-23 21:33:37,345: [DEBUG] 
 === 全件取得：開始 ===
2025-04-23 21:33:37,348: [DEBUG] 
 >>> データ全件取得完了
2025-04-23 21:33:37,549: [DEBUG] 
 === 全件取得：開始 ===
2025-04-23 21:33:37,552: [DEBUG] 
 >>> データ全件取得完了
2025-04-23 21:33:37,749: [DEBUG] 
 === 全件取得：開始 ===
2025-04-23 21:33:37,752: [DEBUG] 
 >>> データ全件取得完了
2025-04-23 21:33:37,965: [DEBUG] 
 === 全件取得：開始 ===
2025-04-23 21:33:37,967: [DEBUG] 
 >>> データ全件取得完了
2025-04-23 21:33:38,170: [DEBUG] 
 === 全件取得：開始 ===
2025-04-23 21:33:38,172: [DEBUG] 
 >>> データ全件取得完了
2025-04-23 21:33:38,378: [DEBUG] 
 === 全件取得：開始 ===
2025-04-23 21:33:38,382: [DEBUG] 
 >>> データ全件取得完了
2025-04-23 21:33:38,587: [DEBUG] 
 === 全件取得：開始 ===
2025-04-23 21:33:38,591: [DEBUG] 
 >>> データ全件取得完了
2025-04-23 21:33:38,789: [DEBUG] 
 === 全件取得：開始 ===
2025-04-23 21:33:38,793: [DEBUG] 
 >>> データ全件取得完了
2025-04-23 21:33:39,001: [DEBUG] 
 === 全件取得：開始 ===
2025-04-23 21:33:39,004: [DEBUG] 
 >>> データ全件取得完了
2025-04-23 21:33:39,211: [DEBUG] 
 === 全件取得：開始 ===
2025-04-23 21:33:39,214: [DEBUG] 
 >>> データ全件取得完了
2025-04-23 21:33:39,421: [DEBUG] 
 === 全件取得：開始 ===
2025-04-23 21:33:39,425: [DEBUG] 
 >>> データ全件取得完了
2025-04-23 21:33:39,626: [DEBUG] 
 === 全件取得：開始 ===
2025-04-23 21:33:39,630: [DEBUG] 
 >>> データ全件取得完了
2025-04-23 21:33:39,821: [DEBUG] 
 === 全件取得：開始 ===
2025-04-23 21:33:39,823: [DEBUG] 
 >>> データ全件取得完了
2025-04-23 21:33:40,030: [DEBUG] 
 === 全件取得：開始 ===
2025-04-23 21:33:40,033: [DEBUG] 
 >>> データ全件取得完了
2025-04-23 21:33:40,241: [DEBUG] 
 === 全件取得：開始 ===
2025-04-23 21:33:40,246: [DEBUG] 
 >>> データ全件取得完了
2025-04-23 21:33:40,448: [DEBUG] 
 === 全件取得：開始 ===
2025-04-23 21:33:40,450: [DEBUG] 
 >>> データ全件取得完了
2025-04-23 21:33:40,658: [DEBUG] 
 === 全件取得：開始 ===
2025-04-23 21:33:40,664: [DEBUG] 
 >>> データ全件取得完了
2025-04-23 21:33:40,854: [DEBUG] 
 === 全件取得：開始 ===
2025-04-23 21:33:40,857: [DEBUG] 
 >>> データ全件取得完了
2025-04-23 21:33:41,069: [DEBUG] 
 === 全件取得：開始 ===
2025-04-23 21:33:41,072: [DEBUG] 
 >>> データ全件取得完了
2025-04-23 21:33:41,274: [DEBUG] 
 === 全件取得：開始 ===
2025-04-23 21:33:41,277: [DEBUG] 
 >>> データ全件取得完了
2025-04-23 21:33:41,483: [DEBUG] 
 === 全件取得：開始 ===
2025-04-23 21:33:41,486: [DEBUG] 
 >>> データ全件取得完了
2025-04-23 21:33:41,692: [DEBUG] 
 === 全件取得：開始 ===
2025-04-23 21:33:41,694: [DEBUG] 
 >>> データ全件取得完了
2025-04-23 21:33:41,898: [DEBUG] 
 === 全件取得：開始 ===
2025-04-23 21:33:41,901: [DEBUG] 
 >>> データ全件取得完了
2025-04-23 21:33:42,099: [DEBUG] 
 === 全件取得：開始 ===
2025-04-23 21:33:42,101: [DEBUG] 
 >>> データ全件取得完了
2025-04-23 21:33:42,302: [DEBUG] 
 === 全件取得：開始 ===
2025-04-23 21:33:42,304: [DEBUG] 
 >>> データ全件取得完了
2025-04-23 21:33:42,520: [DEBUG] 
 === 全件取得：開始 ===
2025-04-23 21:33:42,523: [DEBUG] 
 >>> データ全件取得完了
2025-04-23 21:33:42,734: [DEBUG] 
 === 全件取得：開始 ===
2025-04-23 21:33:42,737: [DEBUG] 
 >>> データ全件取得完了
2025-04-23 21:33:42,938: [DEBUG] 
 === 全件取得：開始 ===
2025-04-23 21:33:42,941: [DEBUG] 
 >>> データ全件取得完了
2025-04-23 21:33:43,142: [DEBUG] 
 === 全件取得：開始 ===
2025-04-23 21:33:43,144: [DEBUG] 
 >>> データ全件取得完了
2025-04-23 21:33:43,350: [DEBUG] 
 === 全件取得：開始 ===
2025-04-23 21:33:43,352: [DEBUG] 
 >>> データ全件取得完了
2025-04-23 21:33:43,553: [DEBUG] 
 === 全件取得：開始 ===
2025-04-23 21:33:43,555: [DEBUG] 
 >>> データ全件取得完了
2025-04-23 21:33:43,752: [DEBUG] 
 === 全件取得：開始 ===
2025-04-23 21:33:43,754: [DEBUG] 
 >>> データ全件取得完了
2025-04-23 21:33:43,963: [DEBUG] 
 === 全件取得：開始 ===
2025-04-23 21:33:43,965: [DEBUG] 
 >>> データ全件取得完了
2025-04-23 21:33:44,169: [DEBUG] 
 === 全件取得：開始 ===
2025-04-23 21:33:44,174: [DEBUG] 
 >>> データ全件取得完了
2025-04-23 21:33:44,382: [DEBUG] 
 === 全件取得：開始 ===
2025-04-23 21:33:44,386: [DEBUG] 
 >>> データ全件取得完了
2025-04-23 21:33:44,593: [DEBUG] 
 === 全件取得：開始 ===
2025-04-23 21:33:44,596: [DEBUG] 
 >>> データ全件取得完了
2025-04-23 21:33:44,834: [DEBUG] 
 === 全件取得：開始 ===
2025-04-23 21:33:44,837: [DEBUG] 
 >>> データ全件取得完了
2025-04-23 21:33:44,994: [DEBUG] 
 === 全件取得：開始 ===
2025-04-23 21:33:44,996: [DEBUG] 
 >>> データ全件取得完了
2025-04-23 21:33:45,254: [DEBUG] 
 === 全件取得：開始 ===
2025-04-23 21:33:45,257: [DEBUG] 
 >>> データ全件取得完了
2025-04-23 21:33:45,404: [DEBUG] 
 === 全件取得：開始 ===
2025-04-23 21:33:45,406: [DEBUG] 
 >>> データ全件取得完了
2025-04-23 21:33:45,624: [DEBUG] 
 === 全件取得：開始 ===
2025-04-23 21:33:45,627: [DEBUG] 
 >>> データ全件取得完了
2025-04-23 21:33:45,842: [DEBUG] 
 === 全件取得：開始 ===
2025-04-23 21:33:45,850: [DEBUG] 
 >>> データ全件取得完了
2025-04-23 21:33:46,083: [DEBUG] 
 === 全件取得：開始 ===
2025-04-23 21:33:46,085: [DEBUG] 
 >>> データ全件取得完了
2025-04-23 21:33:46,243: [DEBUG] 
 === 全件取得：開始 ===
2025-04-23 21:33:46,246: [DEBUG] 
 >>> データ全件取得完了
2025-04-23 21:33:46,450: [DEBUG] 
 === 全件取得：開始 ===
2025-04-23 21:33:46,453: [DEBUG] 
 >>> データ全件取得完了
2025-04-23 21:33:46,659: [DEBUG] 
 === 全件取得：開始 ===
2025-04-23 21:33:46,662: [DEBUG] 
 >>> データ全件取得完了
2025-04-23 21:33:46,862: [DEBUG] 
 === 全件取得：開始 ===
2025-04-23 21:33:46,865: [DEBUG] 
 >>> データ全件取得完了
2025-04-23 21:33:47,062: [DEBUG] 
 === 全件取得：開始 ===
2025-04-23 21:33:47,064: [DEBUG] 
 >>> データ全件取得完了
2025-04-23 21:33:47,270: [DEBUG] 
 === 全件取得：開始 ===
2025-04-23 21:33:47,273: [DEBUG] 
 >>> データ全件取得完了
2025-04-23 21:33:47,508: [DEBUG] 
 === 全件取得：開始 ===
2025-04-23 21:33:47,512: [DEBUG] 
 >>> データ全件取得完了
2025-04-23 21:33:47,680: [DEBUG] 
 === 全件取得：開始 ===
2025-04-23 21:33:47,683: [DEBUG] 
 >>> データ全件取得完了
2025-04-23 21:33:47,898: [DEBUG] 
 === 全件取得：開始 ===
2025-04-23 21:33:47,904: [DEBUG] 
 >>> データ全件取得完了
2025-04-23 21:33:48,151: [DEBUG] 
 === 全件取得：開始 ===
2025-04-23 21:33:48,154: [DEBUG] 
 >>> データ全件取得完了
2025-04-23 21:33:48,305: [DEBUG] 
 === 全件取得：開始 ===
2025-04-23 21:33:48,308: [DEBUG] 
 >>> データ全件取得完了
2025-04-23 21:33:48,508: [DEBUG] 
 === 全件取得：開始 ===
2025-04-23 21:33:48,511: [DEBUG] 
 >>> データ全件取得完了
2025-04-23 21:33:48,732: [DEBUG] 
 === 全件取得：開始 ===
2025-04-23 21:33:48,742: [DEBUG] 
 >>> データ全件取得完了
2025-04-23 21:33:48,958: [DEBUG] 
 === 全件取得：開始 ===
2025-04-23 21:33:48,972: [DEBUG] 
 >>> データ全件取得完了
2025-04-23 21:33:49,127: [DEBUG] 
 === 全件取得：開始 ===
2025-04-23 21:33:49,130: [DEBUG] 
 >>> データ全件取得完了
2025-04-23 21:36:10,785: [DEBUG] 
 === 全件取得：開始 ===
2025-04-23 21:36:10,803: [DEBUG] 
 >>> データ全件取得完了
2025-04-23 21:36:11,001: [DEBUG] 
 === 全件取得：開始 ===
2025-04-23 21:36:11,004: [DEBUG] 
 >>> データ全件取得完了
2025-04-23 21:36:11,209: [DEBUG] 
 === 全件取得：開始 ===
2025-04-23 21:36:11,212: [DEBUG] 
 >>> データ全件取得完了
2025-04-23 21:36:11,418: [DEBUG] 
 === 全件取得：開始 ===
2025-04-23 21:36:11,422: [DEBUG] 
 >>> データ全件取得完了
2025-04-23 21:36:11,628: [DEBUG] 
 === 全件取得：開始 ===
2025-04-23 21:36:11,631: [DEBUG] 
 >>> データ全件取得完了
2025-04-23 21:36:11,825: [DEBUG] 
 === 全件取得：開始 ===
2025-04-23 21:36:11,829: [DEBUG] 
 >>> データ全件取得完了
2025-04-23 21:36:12,029: [DEBUG] 
 === 全件取得：開始 ===
2025-04-23 21:36:12,032: [DEBUG] 
 >>> データ全件取得完了
2025-04-23 21:36:12,238: [DEBUG] 
 === 全件取得：開始 ===
2025-04-23 21:36:12,241: [DEBUG] 
 >>> データ全件取得完了
2025-04-23 21:36:12,445: [DEBUG] 
 === 全件取得：開始 ===
2025-04-23 21:36:12,448: [DEBUG] 
 >>> データ全件取得完了
2025-04-23 21:36:12,644: [DEBUG] 
 === 全件取得：開始 ===
2025-04-23 21:36:12,647: [DEBUG] 
 >>> データ全件取得完了
2025-04-23 21:36:12,857: [DEBUG] 
 === 全件取得：開始 ===
2025-04-23 21:36:12,859: [DEBUG] 
 >>> データ全件取得完了
2025-04-23 21:36:13,057: [DEBUG] 
 === 全件取得：開始 ===
2025-04-23 21:36:13,060: [DEBUG] 
 >>> データ全件取得完了
2025-04-23 21:36:13,269: [DEBUG] 
 === 全件取得：開始 ===
2025-04-23 21:36:13,275: [DEBUG] 
 >>> データ全件取得完了
2025-04-23 21:36:13,481: [DEBUG] 
 === 全件取得：開始 ===
2025-04-23 21:36:13,486: [DEBUG] 
 >>> データ全件取得完了
2025-04-23 21:36:13,728: [DEBUG] 
 === 全件取得：開始 ===
2025-04-23 21:36:13,730: [DEBUG] 
 >>> データ全件取得完了
2025-04-23 21:36:13,900: [DEBUG] 
 === 全件取得：開始 ===
2025-04-23 21:36:13,904: [DEBUG] 
 >>> データ全件取得完了
2025-04-23 21:36:14,105: [DEBUG] 
 === 全件取得：開始 ===
2025-04-23 21:36:14,108: [DEBUG] 
 >>> データ全件取得完了
2025-04-23 21:36:14,320: [DEBUG] 
 === 全件取得：開始 ===
2025-04-23 21:36:14,324: [DEBUG] 
 >>> データ全件取得完了
2025-04-23 21:36:14,526: [DEBUG] 
 === 全件取得：開始 ===
2025-04-23 21:36:14,528: [DEBUG] 
 >>> データ全件取得完了
2025-04-23 21:36:14,714: [DEBUG] 
 === 全件取得：開始 ===
2025-04-23 21:36:14,716: [DEBUG] 
 >>> データ全件取得完了
2025-04-23 21:36:14,938: [DEBUG] 
 === 全件取得：開始 ===
2025-04-23 21:36:14,941: [DEBUG] 
 >>> データ全件取得完了
2025-04-23 21:36:15,134: [DEBUG] 
 === 全件取得：開始 ===
2025-04-23 21:36:15,139: [DEBUG] 
 >>> データ全件取得完了
2025-04-23 21:36:15,344: [DEBUG] 
 === 全件取得：開始 ===
2025-04-23 21:36:15,347: [DEBUG] 
 >>> データ全件取得完了
2025-04-23 21:43:37,951: [DEBUG] 
 === 全件取得：開始 ===
2025-04-23 21:43:37,972: [DEBUG] 
 >>> データ全件取得完了
2025-04-23 21:43:38,174: [DEBUG] 
 === 全件取得：開始 ===
2025-04-23 21:43:38,177: [DEBUG] 
 >>> データ全件取得完了
2025-04-23 21:43:38,382: [DEBUG] 
 === 全件取得：開始 ===
2025-04-23 21:43:38,384: [DEBUG] 
 >>> データ全件取得完了
2025-04-23 21:43:38,598: [DEBUG] 
 === 全件取得：開始 ===
2025-04-23 21:43:38,601: [DEBUG] 
 >>> データ全件取得完了
2025-04-23 21:43:38,789: [DEBUG] 
 === 全件取得：開始 ===
2025-04-23 21:43:38,792: [DEBUG] 
 >>> データ全件取得完了
2025-04-23 21:43:39,005: [DEBUG] 
 === 全件取得：開始 ===
2025-04-23 21:43:39,008: [DEBUG] 
 >>> データ全件取得完了
2025-04-23 21:43:39,218: [DEBUG] 
 === 全件取得：開始 ===
2025-04-23 21:43:39,221: [DEBUG] 
 >>> データ全件取得完了
2025-04-23 21:43:39,411: [DEBUG] 
 === 全件取得：開始 ===
2025-04-23 21:43:39,414: [DEBUG] 
 >>> データ全件取得完了
2025-04-23 21:43:39,631: [DEBUG] 
 === 全件取得：開始 ===
2025-04-23 21:43:39,634: [DEBUG] 
 >>> データ全件取得完了
2025-04-23 21:43:39,832: [DEBUG] 
 === 全件取得：開始 ===
2025-04-23 21:43:39,836: [DEBUG] 
 >>> データ全件取得完了
2025-04-23 21:43:40,036: [DEBUG] 
 === 全件取得：開始 ===
2025-04-23 21:43:40,038: [DEBUG] 
 >>> データ全件取得完了
2025-04-23 21:43:40,344: [DEBUG] 
 === 全件取得：開始 ===
2025-04-23 21:43:40,364: [DEBUG] 
 >>> データ全件取得完了
2025-04-23 21:43:40,547: [DEBUG] 
 === 全件取得：開始 ===
2025-04-23 21:43:40,549: [DEBUG] 
 >>> データ全件取得完了
2025-04-23 21:43:40,772: [DEBUG] 
 === 全件取得：開始 ===
2025-04-23 21:43:40,775: [DEBUG] 
 >>> データ全件取得完了
2025-04-23 21:43:40,966: [DEBUG] 
 === 全件取得：開始 ===
2025-04-23 21:43:40,969: [DEBUG] 
 >>> データ全件取得完了
2025-04-23 21:43:41,201: [DEBUG] 
 === 全件取得：開始 ===
2025-04-23 21:43:41,205: [DEBUG] 
 >>> データ全件取得完了
2025-04-23 21:43:41,387: [DEBUG] 
 === 全件取得：開始 ===
2025-04-23 21:43:41,389: [DEBUG] 
 >>> データ全件取得完了
2025-04-23 21:43:41,592: [DEBUG] 
 === 全件取得：開始 ===
2025-04-23 21:43:41,595: [DEBUG] 
 >>> データ全件取得完了
2025-04-23 21:43:41,795: [DEBUG] 
 === 全件取得：開始 ===
2025-04-23 21:43:41,799: [DEBUG] 
 >>> データ全件取得完了
2025-04-23 21:44:15,867: [DEBUG] 
 === 新規登録：開始 ===
2025-04-23 21:44:16,046: [DEBUG] 
 === 全件取得：開始 ===
2025-04-23 21:44:16,060: [DEBUG] 
 >>> データ全件取得完了
2025-04-23 21:44:16,248: [DEBUG] 
 === 全件取得：開始 ===
2025-04-23 21:44:16,250: [DEBUG] 
 >>> データ全件取得完了
2025-04-23 21:44:16,447: [DEBUG] 
 === 全件取得：開始 ===
2025-04-23 21:44:16,451: [DEBUG] 
 >>> データ全件取得完了
2025-04-23 21:44:16,659: [DEBUG] 
 === 全件取得：開始 ===
2025-04-23 21:44:16,661: [DEBUG] 
 >>> データ全件取得完了
2025-04-23 21:44:16,868: [DEBUG] 
 === 全件取得：開始 ===
2025-04-23 21:44:16,871: [DEBUG] 
 >>> データ全件取得完了
2025-04-23 21:44:17,026: [DEBUG] 
 === 新規登録：開始 ===
2025-04-23 21:44:17,067: [DEBUG] 
 === 全件取得：開始 ===
2025-04-23 21:44:17,069: [DEBUG] 
 >>> データ全件取得完了
2025-04-23 21:44:17,281: [DEBUG] 
 === 全件取得：開始 ===
2025-04-23 21:44:17,284: [DEBUG] 
 >>> データ全件取得完了
2025-04-23 21:44:17,486: [DEBUG] 
 === 全件取得：開始 ===
2025-04-23 21:44:17,487: [DEBUG] 
 >>> データ全件取得完了
2025-04-23 21:44:17,697: [DEBUG] 
 === 全件取得：開始 ===
2025-04-23 21:44:17,699: [DEBUG] 
 >>> データ全件取得完了
2025-04-23 21:44:17,898: [DEBUG] 
 === 全件取得：開始 ===
2025-04-23 21:44:17,899: [DEBUG] 
 >>> データ全件取得完了
2025-04-23 21:44:18,114: [DEBUG] 
 === 全件取得：開始 ===
2025-04-23 21:44:18,117: [DEBUG] 
 >>> データ全件取得完了
2025-04-23 21:44:18,324: [DEBUG] 
 === 全件取得：開始 ===
2025-04-23 21:44:18,326: [DEBUG] 
 >>> データ全件取得完了
2025-04-23 21:44:18,522: [DEBUG] 
 === 全件取得：開始 ===
2025-04-23 21:44:18,524: [DEBUG] 
 >>> データ全件取得完了
2025-04-23 21:44:18,731: [DEBUG] 
 === 全件取得：開始 ===
2025-04-23 21:44:18,733: [DEBUG] 
 >>> データ全件取得完了
2025-04-23 21:44:18,932: [DEBUG] 
 === 全件取得：開始 ===
2025-04-23 21:44:18,934: [DEBUG] 
 >>> データ全件取得完了
2025-04-23 21:44:19,147: [DEBUG] 
 === 全件取得：開始 ===
2025-04-23 21:44:19,149: [DEBUG] 
 >>> データ全件取得完了
2025-04-23 21:44:19,346: [DEBUG] 
 === 全件取得：開始 ===
2025-04-23 21:44:19,348: [DEBUG] 
 >>> データ全件取得完了
2025-04-23 21:44:19,555: [DEBUG] 
 === 全件取得：開始 ===
2025-04-23 21:44:19,558: [DEBUG] 
 >>> データ全件取得完了
2025-04-23 21:44:19,764: [DEBUG] 
 === 全件取得：開始 ===
2025-04-23 21:44:19,766: [DEBUG] 
 >>> データ全件取得完了
2025-04-23 21:44:19,970: [DEBUG] 
 === 全件取得：開始 ===
2025-04-23 21:44:19,971: [DEBUG] 
 >>> データ全件取得完了
2025-04-23 21:44:20,181: [DEBUG] 
 === 全件取得：開始 ===
2025-04-23 21:44:20,183: [DEBUG] 
 >>> データ全件取得完了
2025-04-23 21:44:20,387: [DEBUG] 
 === 全件取得：開始 ===
2025-04-23 21:44:20,389: [DEBUG] 
 >>> データ全件取得完了
2025-04-23 21:44:20,603: [DEBUG] 
 === 全件取得：開始 ===
2025-04-23 21:44:20,606: [DEBUG] 
 >>> データ全件取得完了
2025-04-23 21:44:20,812: [DEBUG] 
 === 全件取得：開始 ===
2025-04-23 21:44:20,814: [DEBUG] 
 >>> データ全件取得完了
2025-04-23 21:44:21,022: [DEBUG] 
 === 全件取得：開始 ===
2025-04-23 21:44:21,028: [DEBUG] 
 >>> データ全件取得完了
2025-04-23 21:44:21,230: [DEBUG] 
 === 全件取得：開始 ===
2025-04-23 21:44:21,232: [DEBUG] 
 >>> データ全件取得完了
2025-04-23 21:44:21,435: [DEBUG] 
 === 全件取得：開始 ===
2025-04-23 21:44:21,437: [DEBUG] 
 >>> データ全件取得完了
2025-04-23 21:44:21,639: [DEBUG] 
 === 全件取得：開始 ===
2025-04-23 21:44:21,641: [DEBUG] 
 >>> データ全件取得完了
2025-04-23 21:44:21,838: [DEBUG] 
 === 全件取得：開始 ===
2025-04-23 21:44:21,841: [DEBUG] 
 >>> データ全件取得完了
2025-04-23 21:44:22,047: [DEBUG] 
 === 全件取得：開始 ===
2025-04-23 21:44:22,049: [DEBUG] 
 >>> データ全件取得完了
2025-04-23 21:44:22,248: [DEBUG] 
 === 全件取得：開始 ===
2025-04-23 21:44:22,250: [DEBUG] 
 >>> データ全件取得完了
2025-04-23 21:44:22,467: [DEBUG] 
 === 全件取得：開始 ===
2025-04-23 21:44:22,469: [DEBUG] 
 >>> データ全件取得完了
2025-04-23 21:44:22,667: [DEBUG] 
 === 全件取得：開始 ===
2025-04-23 21:44:22,669: [DEBUG] 
 >>> データ全件取得完了
2025-04-23 21:44:22,879: [DEBUG] 
 === 全件取得：開始 ===
2025-04-23 21:44:22,881: [DEBUG] 
 >>> データ全件取得完了
2025-04-23 21:44:23,094: [DEBUG] 
 === 全件取得：開始 ===
2025-04-23 21:44:23,096: [DEBUG] 
 >>> データ全件取得完了
2025-04-23 21:44:23,284: [DEBUG] 
 === 全件取得：開始 ===
2025-04-23 21:44:23,285: [DEBUG] 
 >>> データ全件取得完了
2025-04-23 21:44:23,478: [DEBUG] 
 === 全件取得：開始 ===
2025-04-23 21:44:23,480: [DEBUG] 
 >>> データ全件取得完了
2025-04-23 21:44:23,688: [DEBUG] 
 === 全件取得：開始 ===
2025-04-23 21:44:23,690: [DEBUG] 
 >>> データ全件取得完了
2025-04-23 21:44:23,907: [DEBUG] 
 === 全件取得：開始 ===
2025-04-23 21:44:23,909: [DEBUG] 
 >>> データ全件取得完了
2025-04-23 21:44:24,113: [DEBUG] 
 === 全件取得：開始 ===
2025-04-23 21:44:24,116: [DEBUG] 
 >>> データ全件取得完了
2025-04-23 21:44:24,310: [DEBUG] 
 === 全件取得：開始 ===
2025-04-23 21:44:24,311: [DEBUG] 
 >>> データ全件取得完了
2025-04-23 21:44:24,529: [DEBUG] 
 === 全件取得：開始 ===
2025-04-23 21:44:24,531: [DEBUG] 
 >>> データ全件取得完了
2025-04-23 21:44:24,731: [DEBUG] 
 === 全件取得：開始 ===
2025-04-23 21:44:24,733: [DEBUG] 
 >>> データ全件取得完了
2025-04-23 21:44:24,940: [DEBUG] 
 === 全件取得：開始 ===
2025-04-23 21:44:24,942: [DEBUG] 
 >>> データ全件取得完了
2025-04-23 21:44:25,146: [DEBUG] 
 === 全件取得：開始 ===
2025-04-23 21:44:25,151: [DEBUG] 
 >>> データ全件取得完了
2025-04-23 21:44:25,358: [DEBUG] 
 === 全件取得：開始 ===
2025-04-23 21:44:25,363: [DEBUG] 
 >>> データ全件取得完了
2025-04-23 21:44:25,735: [DEBUG] 
 === 全件取得：開始 ===
2025-04-23 21:44:25,754: [DEBUG] 
 >>> データ全件取得完了
2025-04-23 21:44:25,865: [DEBUG] 
 === 全件取得：開始 ===
2025-04-23 21:44:25,868: [DEBUG] 
 >>> データ全件取得完了
2025-04-23 21:44:26,076: [DEBUG] 
 === 全件取得：開始 ===
2025-04-23 21:44:26,078: [DEBUG] 
 >>> データ全件取得完了
2025-04-23 21:44:26,316: [DEBUG] 
 === 全件取得：開始 ===
2025-04-23 21:44:26,318: [DEBUG] 
 >>> データ全件取得完了
2025-04-23 21:44:26,532: [DEBUG] 
 === 全件取得：開始 ===
2025-04-23 21:44:26,539: [DEBUG] 
 >>> データ全件取得完了
2025-04-23 21:44:26,712: [DEBUG] 
 === 全件取得：開始 ===
2025-04-23 21:44:26,716: [DEBUG] 
 >>> データ全件取得完了
2025-04-23 21:44:26,921: [DEBUG] 
 === 全件取得：開始 ===
2025-04-23 21:44:26,923: [DEBUG] 
 >>> データ全件取得完了
2025-04-23 21:44:27,211: [DEBUG] 
 === 全件取得：開始 ===
2025-04-23 21:44:27,216: [DEBUG] 
 >>> データ全件取得完了
2025-04-23 21:44:27,338: [DEBUG] 
 === 全件取得：開始 ===
2025-04-23 21:44:27,342: [DEBUG] 
 >>> データ全件取得完了
2025-04-23 21:44:27,546: [DEBUG] 
 === 全件取得：開始 ===
2025-04-23 21:44:27,549: [DEBUG] 
 >>> データ全件取得完了
2025-04-23 21:44:27,757: [DEBUG] 
 === 全件取得：開始 ===
2025-04-23 21:44:27,762: [DEBUG] 
 >>> データ全件取得完了
2025-04-23 21:44:27,965: [DEBUG] 
 === 全件取得：開始 ===
2025-04-23 21:44:27,968: [DEBUG] 
 >>> データ全件取得完了
2025-04-23 21:44:28,175: [DEBUG] 
 === 全件取得：開始 ===
2025-04-23 21:44:28,177: [DEBUG] 
 >>> データ全件取得完了
2025-04-23 21:44:28,372: [DEBUG] 
 === 全件取得：開始 ===
2025-04-23 21:44:28,376: [DEBUG] 
 >>> データ全件取得完了
2025-04-23 21:44:28,583: [DEBUG] 
 === 全件取得：開始 ===
2025-04-23 21:44:28,586: [DEBUG] 
 >>> データ全件取得完了
2025-04-23 21:44:28,793: [DEBUG] 
 === 全件取得：開始 ===
2025-04-23 21:44:28,795: [DEBUG] 
 >>> データ全件取得完了
2025-04-23 21:44:29,000: [DEBUG] 
 === 全件取得：開始 ===
2025-04-23 21:44:29,003: [DEBUG] 
 >>> データ全件取得完了
2025-04-23 21:44:29,206: [DEBUG] 
 === 全件取得：開始 ===
2025-04-23 21:44:29,207: [DEBUG] 
 >>> データ全件取得完了
2025-04-23 21:44:29,412: [DEBUG] 
 === 全件取得：開始 ===
2025-04-23 21:44:29,414: [DEBUG] 
 >>> データ全件取得完了
2025-04-23 21:44:29,621: [DEBUG] 
 === 全件取得：開始 ===
2025-04-23 21:44:29,623: [DEBUG] 
 >>> データ全件取得完了
2025-04-23 21:44:29,829: [DEBUG] 
 === 全件取得：開始 ===
2025-04-23 21:44:29,832: [DEBUG] 
 >>> データ全件取得完了
2025-04-23 21:44:30,032: [DEBUG] 
 === 全件取得：開始 ===
2025-04-23 21:44:30,034: [DEBUG] 
 >>> データ全件取得完了
2025-04-23 21:44:30,239: [DEBUG] 
 === 全件取得：開始 ===
2025-04-23 21:44:30,240: [DEBUG] 
 >>> データ全件取得完了
2025-04-23 21:44:30,457: [DEBUG] 
 === 全件取得：開始 ===
2025-04-23 21:44:30,459: [DEBUG] 
 >>> データ全件取得完了
2025-04-23 21:44:30,659: [DEBUG] 
 === 全件取得：開始 ===
2025-04-23 21:44:30,662: [DEBUG] 
 >>> データ全件取得完了
2025-04-23 21:44:30,865: [DEBUG] 
 === 全件取得：開始 ===
2025-04-23 21:44:30,868: [DEBUG] 
 >>> データ全件取得完了
2025-04-23 21:44:31,068: [DEBUG] 
 === 全件取得：開始 ===
2025-04-23 21:44:31,071: [DEBUG] 
 >>> データ全件取得完了
2025-04-23 21:44:31,280: [DEBUG] 
 === 全件取得：開始 ===
2025-04-23 21:44:31,284: [DEBUG] 
 >>> データ全件取得完了
2025-04-23 21:44:31,478: [DEBUG] 
 === 全件取得：開始 ===
2025-04-23 21:44:31,479: [DEBUG] 
 >>> データ全件取得完了
2025-04-23 21:44:31,693: [DEBUG] 
 === 全件取得：開始 ===
2025-04-23 21:44:31,695: [DEBUG] 
 >>> データ全件取得完了
2025-04-23 21:44:31,899: [DEBUG] 
 === 全件取得：開始 ===
2025-04-23 21:44:31,902: [DEBUG] 
 >>> データ全件取得完了
2025-04-23 21:44:32,104: [DEBUG] 
 === 全件取得：開始 ===
2025-04-23 21:44:32,106: [DEBUG] 
 >>> データ全件取得完了
2025-04-23 21:44:32,308: [DEBUG] 
 === 全件取得：開始 ===
2025-04-23 21:44:32,310: [DEBUG] 
 >>> データ全件取得完了
2025-04-23 21:44:32,513: [DEBUG] 
 === 全件取得：開始 ===
2025-04-23 21:44:32,516: [DEBUG] 
 >>> データ全件取得完了
2025-04-23 21:44:32,725: [DEBUG] 
 === 全件取得：開始 ===
2025-04-23 21:44:32,728: [DEBUG] 
 >>> データ全件取得完了
2025-04-23 21:44:32,955: [DEBUG] 
 === 全件取得：開始 ===
2025-04-23 21:44:32,957: [DEBUG] 
 >>> データ全件取得完了
2025-04-23 21:44:36,818: [DEBUG] 
 === データベースの初期化を開始===
2025-04-23 21:44:36,820: [DEBUG] 
 >>> 既存のテーブルを削除しました
2025-04-23 21:44:36,822: [DEBUG] 
 >>> 新しいテーブルを作成しました
2025-04-23 21:44:51,327: [DEBUG] 
 === 新規登録：開始 ===
2025-04-23 21:44:51,555: [DEBUG] 
 === 全件取得：開始 ===
2025-04-23 21:44:51,569: [DEBUG] 
 >>> データ全件取得完了
2025-04-23 21:44:51,724: [DEBUG] 
 === 全件取得：開始 ===
2025-04-23 21:44:51,728: [DEBUG] 
 >>> データ全件取得完了
2025-04-23 21:44:51,931: [DEBUG] 
 === 全件取得：開始 ===
2025-04-23 21:44:51,933: [DEBUG] 
 >>> データ全件取得完了
2025-04-23 21:44:52,141: [DEBUG] 
 === 全件取得：開始 ===
2025-04-23 21:44:52,144: [DEBUG] 
 >>> データ全件取得完了
2025-04-23 21:44:52,354: [DEBUG] 
 === 全件取得：開始 ===
2025-04-23 21:44:52,357: [DEBUG] 
 >>> データ全件取得完了
2025-04-23 21:44:52,564: [DEBUG] 
 === 全件取得：開始 ===
2025-04-23 21:44:52,567: [DEBUG] 
 >>> データ全件取得完了
2025-04-23 21:44:52,721: [DEBUG] 
 === 新規登録：開始 ===
2025-04-23 21:44:52,764: [DEBUG] 
 === 全件取得：開始 ===
2025-04-23 21:44:52,766: [DEBUG] 
 >>> データ全件取得完了
2025-04-23 21:44:52,973: [DEBUG] 
 === 全件取得：開始 ===
2025-04-23 21:44:52,976: [DEBUG] 
 >>> データ全件取得完了
2025-04-23 21:44:53,181: [DEBUG] 
 === 全件取得：開始 ===
2025-04-23 21:44:53,184: [DEBUG] 
 >>> データ全件取得完了
2025-04-23 21:44:53,389: [DEBUG] 
 === 全件取得：開始 ===
2025-04-23 21:44:53,391: [DEBUG] 
 >>> データ全件取得完了
2025-04-23 21:44:53,598: [DEBUG] 
 === 全件取得：開始 ===
2025-04-23 21:44:53,600: [DEBUG] 
 >>> データ全件取得完了
2025-04-23 21:44:53,814: [DEBUG] 
 === 全件取得：開始 ===
2025-04-23 21:44:53,816: [DEBUG] 
 >>> データ全件取得完了
2025-04-23 21:44:54,005: [DEBUG] 
 === 全件取得：開始 ===
2025-04-23 21:44:54,008: [DEBUG] 
 >>> データ全件取得完了
2025-04-23 21:44:54,213: [DEBUG] 
 === 全件取得：開始 ===
2025-04-23 21:44:54,215: [DEBUG] 
 >>> データ全件取得完了
2025-04-23 21:44:54,422: [DEBUG] 
 === 全件取得：開始 ===
2025-04-23 21:44:54,426: [DEBUG] 
 >>> データ全件取得完了
2025-04-23 21:44:54,634: [DEBUG] 
 === 全件取得：開始 ===
2025-04-23 21:44:54,636: [DEBUG] 
 >>> データ全件取得完了
2025-04-23 21:44:54,913: [DEBUG] 
 === 全件取得：開始 ===
2025-04-23 21:44:54,918: [DEBUG] 
 >>> データ全件取得完了
2025-04-23 21:44:55,035: [DEBUG] 
 === 全件取得：開始 ===
2025-04-23 21:44:55,040: [DEBUG] 
 >>> データ全件取得完了
2025-04-23 21:44:55,242: [DEBUG] 
 === 全件取得：開始 ===
2025-04-23 21:44:55,244: [DEBUG] 
 >>> データ全件取得完了
2025-04-23 21:44:55,452: [DEBUG] 
 === 全件取得：開始 ===
2025-04-23 21:44:55,455: [DEBUG] 
 >>> データ全件取得完了
2025-04-23 21:44:55,661: [DEBUG] 
 === 全件取得：開始 ===
2025-04-23 21:44:55,663: [DEBUG] 
 >>> データ全件取得完了
2025-04-23 21:44:55,865: [DEBUG] 
 === 全件取得：開始 ===
2025-04-23 21:44:55,867: [DEBUG] 
 >>> データ全件取得完了
2025-04-23 21:50:58,962: [DEBUG] 
 === 全件取得：開始 ===
2025-04-23 21:50:59,013: [DEBUG] 
 >>> データ全件取得完了
2025-04-23 21:50:59,116: [DEBUG] 
 === 全件取得：開始 ===
2025-04-23 21:50:59,119: [DEBUG] 
 >>> データ全件取得完了
2025-04-23 21:50:59,321: [DEBUG] 
 === 全件取得：開始 ===
2025-04-23 21:50:59,324: [DEBUG] 
 >>> データ全件取得完了
2025-04-23 21:50:59,566: [DEBUG] 
 === 全件取得：開始 ===
2025-04-23 21:50:59,576: [DEBUG] 
 >>> データ全件取得完了
2025-04-23 21:50:59,731: [DEBUG] 
 === 全件取得：開始 ===
2025-04-23 21:50:59,736: [DEBUG] 
 >>> データ全件取得完了
2025-04-23 21:50:59,965: [DEBUG] 
 === 全件取得：開始 ===
2025-04-23 21:50:59,967: [DEBUG] 
 >>> データ全件取得完了
2025-04-23 21:51:00,146: [DEBUG] 
 === 全件取得：開始 ===
2025-04-23 21:51:00,150: [DEBUG] 
 >>> データ全件取得完了
2025-04-23 21:51:00,362: [DEBUG] 
 === 全件取得：開始 ===
2025-04-23 21:51:00,367: [DEBUG] 
 >>> データ全件取得完了
2025-04-23 21:51:00,580: [DEBUG] 
 === 全件取得：開始 ===
2025-04-23 21:51:00,585: [DEBUG] 
 >>> データ全件取得完了
2025-04-23 21:51:00,767: [DEBUG] 
 === 全件取得：開始 ===
2025-04-23 21:51:00,770: [DEBUG] 
 >>> データ全件取得完了
2025-04-23 21:51:00,975: [DEBUG] 
 === 全件取得：開始 ===
2025-04-23 21:51:00,983: [DEBUG] 
 >>> データ全件取得完了
2025-04-23 21:51:01,195: [DEBUG] 
 === 全件取得：開始 ===
2025-04-23 21:51:01,204: [DEBUG] 
 >>> データ全件取得完了
2025-04-23 21:51:01,392: [DEBUG] 
 === 全件取得：開始 ===
2025-04-23 21:51:01,395: [DEBUG] 
 >>> データ全件取得完了
2025-04-23 21:51:01,609: [DEBUG] 
 === 全件取得：開始 ===
2025-04-23 21:51:01,613: [DEBUG] 
 >>> データ全件取得完了
2025-04-23 21:51:01,817: [DEBUG] 
 === 全件取得：開始 ===
2025-04-23 21:51:01,823: [DEBUG] 
 >>> データ全件取得完了
2025-04-23 21:51:02,028: [DEBUG] 
 === 全件取得：開始 ===
2025-04-23 21:51:02,032: [DEBUG] 
 >>> データ全件取得完了
2025-04-23 21:51:02,234: [DEBUG] 
 === 全件取得：開始 ===
2025-04-23 21:51:02,236: [DEBUG] 
 >>> データ全件取得完了
2025-04-23 21:51:02,447: [DEBUG] 
 === 全件取得：開始 ===
2025-04-23 21:51:02,453: [DEBUG] 
 >>> データ全件取得完了
2025-04-23 21:51:02,637: [DEBUG] 
 === 全件取得：開始 ===
2025-04-23 21:51:02,643: [DEBUG] 
 >>> データ全件取得完了
2025-04-23 21:51:02,856: [DEBUG] 
 === 全件取得：開始 ===
2025-04-23 21:51:02,859: [DEBUG] 
 >>> データ全件取得完了
2025-04-23 21:51:03,051: [DEBUG] 
 === 全件取得：開始 ===
2025-04-23 21:51:03,055: [DEBUG] 
 >>> データ全件取得完了
2025-04-23 21:51:03,252: [DEBUG] 
 === 全件取得：開始 ===
2025-04-23 21:51:03,256: [DEBUG] 
 >>> データ全件取得完了
2025-04-23 21:51:03,469: [DEBUG] 
 === 全件取得：開始 ===
2025-04-23 21:51:03,484: [DEBUG] 
 >>> データ全件取得完了
2025-04-23 21:51:03,674: [DEBUG] 
 === 全件取得：開始 ===
2025-04-23 21:51:03,676: [DEBUG] 
 >>> データ全件取得完了
2025-04-23 21:51:03,869: [DEBUG] 
 === 全件取得：開始 ===
2025-04-23 21:51:03,883: [DEBUG] 
 >>> データ全件取得完了
2025-04-23 21:51:04,077: [DEBUG] 
 === 全件取得：開始 ===
2025-04-23 21:51:04,081: [DEBUG] 
 >>> データ全件取得完了
2025-04-23 21:51:04,282: [DEBUG] 
 === 全件取得：開始 ===
2025-04-23 21:51:04,287: [DEBUG] 
 >>> データ全件取得完了
2025-04-23 21:51:04,507: [DEBUG] 
 === 全件取得：開始 ===
2025-04-23 21:51:04,509: [DEBUG] 
 >>> データ全件取得完了
2025-04-23 21:51:04,708: [DEBUG] 
 === 全件取得：開始 ===
2025-04-23 21:51:04,722: [DEBUG] 
 >>> データ全件取得完了
2025-04-23 21:51:04,904: [DEBUG] 
 === 全件取得：開始 ===
2025-04-23 21:51:04,907: [DEBUG] 
 >>> データ全件取得完了
2025-04-23 21:51:05,114: [DEBUG] 
 === 全件取得：開始 ===
2025-04-23 21:51:05,120: [DEBUG] 
 >>> データ全件取得完了
2025-04-23 21:51:05,312: [DEBUG] 
 === 全件取得：開始 ===
2025-04-23 21:51:05,316: [DEBUG] 
 >>> データ全件取得完了
2025-04-23 21:51:05,519: [DEBUG] 
 === 全件取得：開始 ===
2025-04-23 21:51:05,521: [DEBUG] 
 >>> データ全件取得完了
2025-04-23 21:51:05,726: [DEBUG] 
 === 全件取得：開始 ===
2025-04-23 21:51:05,730: [DEBUG] 
 >>> データ全件取得完了
2025-04-23 21:51:05,942: [DEBUG] 
 === 全件取得：開始 ===
2025-04-23 21:51:05,945: [DEBUG] 
 >>> データ全件取得完了
2025-04-23 21:51:06,139: [DEBUG] 
 === 全件取得：開始 ===
2025-04-23 21:51:06,144: [DEBUG] 
 >>> データ全件取得完了
2025-04-23 21:51:06,350: [DEBUG] 
 === 全件取得：開始 ===
2025-04-23 21:51:06,353: [DEBUG] 
 >>> データ全件取得完了
2025-04-23 21:51:06,554: [DEBUG] 
 === 全件取得：開始 ===
2025-04-23 21:51:06,556: [DEBUG] 
 >>> データ全件取得完了
2025-04-23 21:51:06,769: [DEBUG] 
 === 全件取得：開始 ===
2025-04-23 21:51:06,773: [DEBUG] 
 >>> データ全件取得完了
2025-04-23 21:51:06,972: [DEBUG] 
 === 全件取得：開始 ===
2025-04-23 21:51:06,978: [DEBUG] 
 >>> データ全件取得完了
2025-04-23 21:51:07,171: [DEBUG] 
 === 全件取得：開始 ===
2025-04-23 21:51:07,175: [DEBUG] 
 >>> データ全件取得完了
2025-04-23 21:51:07,398: [DEBUG] 
 === 全件取得：開始 ===
2025-04-23 21:51:07,403: [DEBUG] 
 >>> データ全件取得完了
2025-04-23 21:51:07,606: [DEBUG] 
 === 全件取得：開始 ===
2025-04-23 21:51:07,609: [DEBUG] 
 >>> データ全件取得完了
2025-04-23 21:51:07,800: [DEBUG] 
 === 全件取得：開始 ===
2025-04-23 21:51:07,806: [DEBUG] 
 >>> データ全件取得完了
2025-04-23 21:51:08,013: [DEBUG] 
 === 全件取得：開始 ===
2025-04-23 21:51:08,015: [DEBUG] 
 >>> データ全件取得完了
2025-04-23 21:51:08,217: [DEBUG] 
 === 全件取得：開始 ===
2025-04-23 21:51:08,220: [DEBUG] 
 >>> データ全件取得完了
2025-04-23 21:51:08,438: [DEBUG] 
 === 全件取得：開始 ===
2025-04-23 21:51:08,443: [DEBUG] 
 >>> データ全件取得完了
2025-04-23 21:51:08,624: [DEBUG] 
 === 全件取得：開始 ===
2025-04-23 21:51:08,630: [DEBUG] 
 >>> データ全件取得完了
2025-04-23 21:51:08,829: [DEBUG] 
 === 全件取得：開始 ===
2025-04-23 21:51:08,835: [DEBUG] 
 >>> データ全件取得完了
2025-04-23 21:51:09,037: [DEBUG] 
 === 全件取得：開始 ===
2025-04-23 21:51:09,039: [DEBUG] 
 >>> データ全件取得完了
2025-04-23 21:51:09,242: [DEBUG] 
 === 全件取得：開始 ===
2025-04-23 21:51:09,259: [DEBUG] 
 >>> データ全件取得完了
2025-04-23 21:51:09,447: [DEBUG] 
 === 全件取得：開始 ===
2025-04-23 21:51:09,450: [DEBUG] 
 >>> データ全件取得完了
2025-04-23 21:51:09,656: [DEBUG] 
 === 全件取得：開始 ===
2025-04-23 21:51:09,661: [DEBUG] 
 >>> データ全件取得完了
2025-04-23 21:51:09,868: [DEBUG] 
 === 全件取得：開始 ===
2025-04-23 21:51:09,873: [DEBUG] 
 >>> データ全件取得完了
2025-04-23 21:51:10,073: [DEBUG] 
 === 全件取得：開始 ===
2025-04-23 21:51:10,078: [DEBUG] 
 >>> データ全件取得完了
2025-04-23 21:51:10,281: [DEBUG] 
 === 全件取得：開始 ===
2025-04-23 21:51:10,286: [DEBUG] 
 >>> データ全件取得完了
2025-04-23 21:51:10,495: [DEBUG] 
 === 全件取得：開始 ===
2025-04-23 21:51:10,499: [DEBUG] 
 >>> データ全件取得完了
2025-04-23 21:51:10,695: [DEBUG] 
 === 全件取得：開始 ===
2025-04-23 21:51:10,700: [DEBUG] 
 >>> データ全件取得完了
2025-04-23 21:51:10,908: [DEBUG] 
 === 全件取得：開始 ===
2025-04-23 21:51:10,915: [DEBUG] 
 >>> データ全件取得完了
2025-04-23 21:51:11,107: [DEBUG] 
 === 全件取得：開始 ===
2025-04-23 21:51:11,112: [DEBUG] 
 >>> データ全件取得完了
2025-04-23 21:51:11,337: [DEBUG] 
 === 全件取得：開始 ===
2025-04-23 21:51:11,339: [DEBUG] 
 >>> データ全件取得完了
2025-04-23 21:51:11,528: [DEBUG] 
 === 全件取得：開始 ===
2025-04-23 21:51:11,531: [DEBUG] 
 >>> データ全件取得完了
2025-04-23 21:51:11,741: [DEBUG] 
 === 全件取得：開始 ===
2025-04-23 21:51:11,748: [DEBUG] 
 >>> データ全件取得完了
2025-04-23 21:51:11,940: [DEBUG] 
 === 全件取得：開始 ===
2025-04-23 21:51:11,942: [DEBUG] 
 >>> データ全件取得完了
2025-04-23 21:51:12,146: [DEBUG] 
 === 全件取得：開始 ===
2025-04-23 21:51:12,150: [DEBUG] 
 >>> データ全件取得完了
2025-04-23 21:51:12,352: [DEBUG] 
 === 全件取得：開始 ===
2025-04-23 21:51:12,356: [DEBUG] 
 >>> データ全件取得完了
2025-04-23 21:51:12,565: [DEBUG] 
 === 全件取得：開始 ===
2025-04-23 21:51:12,568: [DEBUG] 
 >>> データ全件取得完了
2025-04-23 21:51:12,771: [DEBUG] 
 === 全件取得：開始 ===
2025-04-23 21:51:12,775: [DEBUG] 
 >>> データ全件取得完了
2025-04-23 21:51:12,989: [DEBUG] 
 === 全件取得：開始 ===
2025-04-23 21:51:12,993: [DEBUG] 
 >>> データ全件取得完了
2025-04-23 21:51:13,196: [DEBUG] 
 === 全件取得：開始 ===
2025-04-23 21:51:13,199: [DEBUG] 
 >>> データ全件取得完了
2025-04-23 21:51:13,402: [DEBUG] 
 === 全件取得：開始 ===
2025-04-23 21:51:13,425: [DEBUG] 
 >>> データ全件取得完了
2025-04-23 21:51:13,598: [DEBUG] 
 === 全件取得：開始 ===
2025-04-23 21:51:13,603: [DEBUG] 
 >>> データ全件取得完了
2025-04-23 21:51:13,808: [DEBUG] 
 === 全件取得：開始 ===
2025-04-23 21:51:13,813: [DEBUG] 
 >>> データ全件取得完了
2025-04-23 21:51:14,011: [DEBUG] 
 === 全件取得：開始 ===
2025-04-23 21:51:14,016: [DEBUG] 
 >>> データ全件取得完了
2025-04-23 21:51:14,236: [DEBUG] 
 === 全件取得：開始 ===
2025-04-23 21:51:14,237: [DEBUG] 
 >>> データ全件取得完了
2025-04-23 21:51:14,429: [DEBUG] 
 === 全件取得：開始 ===
2025-04-23 21:51:14,432: [DEBUG] 
 >>> データ全件取得完了
2025-04-23 21:51:14,631: [DEBUG] 
 === 全件取得：開始 ===
2025-04-23 21:51:14,634: [DEBUG] 
 >>> データ全件取得完了
2025-04-23 21:51:14,846: [DEBUG] 
 === 全件取得：開始 ===
2025-04-23 21:51:14,852: [DEBUG] 
 >>> データ全件取得完了
2025-04-23 21:51:15,038: [DEBUG] 
 === 全件取得：開始 ===
2025-04-23 21:51:15,042: [DEBUG] 
 >>> データ全件取得完了
2025-04-23 21:51:15,233: [DEBUG] 
 === 全件取得：開始 ===
2025-04-23 21:51:15,236: [DEBUG] 
 >>> データ全件取得完了
2025-04-23 21:51:15,450: [DEBUG] 
 === 全件取得：開始 ===
2025-04-23 21:51:15,455: [DEBUG] 
 >>> データ全件取得完了
2025-04-23 21:51:15,656: [DEBUG] 
 === 全件取得：開始 ===
2025-04-23 21:51:15,661: [DEBUG] 
 >>> データ全件取得完了
2025-04-23 21:51:15,867: [DEBUG] 
 === 全件取得：開始 ===
2025-04-23 21:51:15,868: [DEBUG] 
 >>> データ全件取得完了
2025-04-23 21:51:16,069: [DEBUG] 
 === 全件取得：開始 ===
2025-04-23 21:51:16,071: [DEBUG] 
 >>> データ全件取得完了
2025-04-23 21:51:16,275: [DEBUG] 
 === 全件取得：開始 ===
2025-04-23 21:51:16,279: [DEBUG] 
 >>> データ全件取得完了
2025-04-23 21:51:16,491: [DEBUG] 
 === 全件取得：開始 ===
2025-04-23 21:51:16,494: [DEBUG] 
 >>> データ全件取得完了
2025-04-23 21:51:16,707: [DEBUG] 
 === 全件取得：開始 ===
2025-04-23 21:51:16,711: [DEBUG] 
 >>> データ全件取得完了
2025-04-23 21:51:16,922: [DEBUG] 
 === 全件取得：開始 ===
2025-04-23 21:51:16,929: [DEBUG] 
 >>> データ全件取得完了
2025-04-23 21:51:17,123: [DEBUG] 
 === 全件取得：開始 ===
2025-04-23 21:51:17,131: [DEBUG] 
 >>> データ全件取得完了
2025-04-23 21:51:17,328: [DEBUG] 
 === 全件取得：開始 ===
2025-04-23 21:51:17,330: [DEBUG] 
 >>> データ全件取得完了
2025-04-23 21:51:17,543: [DEBUG] 
 === 全件取得：開始 ===
2025-04-23 21:51:17,550: [DEBUG] 
 >>> データ全件取得完了
2025-04-23 21:51:17,729: [DEBUG] 
 === 全件取得：開始 ===
2025-04-23 21:51:17,735: [DEBUG] 
 >>> データ全件取得完了
2025-04-23 21:51:17,951: [DEBUG] 
 === 全件取得：開始 ===
2025-04-23 21:51:17,953: [DEBUG] 
 >>> データ全件取得完了
2025-04-23 21:51:18,153: [DEBUG] 
 === 全件取得：開始 ===
2025-04-23 21:51:18,156: [DEBUG] 
 >>> データ全件取得完了
2025-04-23 21:51:18,369: [DEBUG] 
 === 全件取得：開始 ===
2025-04-23 21:51:18,372: [DEBUG] 
 >>> データ全件取得完了
2025-04-23 21:51:18,563: [DEBUG] 
 === 全件取得：開始 ===
2025-04-23 21:51:18,567: [DEBUG] 
 >>> データ全件取得完了
2025-04-23 21:51:18,780: [DEBUG] 
 === 全件取得：開始 ===
2025-04-23 21:51:18,783: [DEBUG] 
 >>> データ全件取得完了
2025-04-23 21:51:18,989: [DEBUG] 
 === 全件取得：開始 ===
2025-04-23 21:51:18,993: [DEBUG] 
 >>> データ全件取得完了
2025-04-23 21:51:19,197: [DEBUG] 
 === 全件取得：開始 ===
2025-04-23 21:51:19,201: [DEBUG] 
 >>> データ全件取得完了
2025-04-23 21:51:19,412: [DEBUG] 
 === 全件取得：開始 ===
2025-04-23 21:51:19,414: [DEBUG] 
 >>> データ全件取得完了
2025-04-23 21:51:19,615: [DEBUG] 
 === 全件取得：開始 ===
2025-04-23 21:51:19,619: [DEBUG] 
 >>> データ全件取得完了
2025-04-23 21:51:19,810: [DEBUG] 
 === 全件取得：開始 ===
2025-04-23 21:51:19,815: [DEBUG] 
 >>> データ全件取得完了
2025-04-23 21:51:20,019: [DEBUG] 
 === 全件取得：開始 ===
2025-04-23 21:51:20,023: [DEBUG] 
 >>> データ全件取得完了
2025-04-23 21:51:20,238: [DEBUG] 
 === 全件取得：開始 ===
2025-04-23 21:51:20,242: [DEBUG] 
 >>> データ全件取得完了
2025-04-23 21:51:20,437: [DEBUG] 
 === 全件取得：開始 ===
2025-04-23 21:51:20,441: [DEBUG] 
 >>> データ全件取得完了
2025-04-23 21:51:20,647: [DEBUG] 
 === 全件取得：開始 ===
2025-04-23 21:51:20,650: [DEBUG] 
 >>> データ全件取得完了
2025-04-23 21:51:20,858: [DEBUG] 
 === 全件取得：開始 ===
2025-04-23 21:51:20,860: [DEBUG] 
 >>> データ全件取得完了
2025-04-23 21:51:21,065: [DEBUG] 
 === 全件取得：開始 ===
2025-04-23 21:51:21,069: [DEBUG] 
 >>> データ全件取得完了
2025-04-23 21:51:21,274: [DEBUG] 
 === 全件取得：開始 ===
2025-04-23 21:51:21,279: [DEBUG] 
 >>> データ全件取得完了
2025-04-23 21:51:21,486: [DEBUG] 
 === 全件取得：開始 ===
2025-04-23 21:51:21,489: [DEBUG] 
 >>> データ全件取得完了
2025-04-23 21:51:21,686: [DEBUG] 
 === 全件取得：開始 ===
2025-04-23 21:51:21,691: [DEBUG] 
 >>> データ全件取得完了
2025-04-23 21:51:21,901: [DEBUG] 
 === 全件取得：開始 ===
2025-04-23 21:51:21,907: [DEBUG] 
 >>> データ全件取得完了
2025-04-23 21:51:22,108: [DEBUG] 
 === 全件取得：開始 ===
2025-04-23 21:51:22,111: [DEBUG] 
 >>> データ全件取得完了
2025-04-23 21:51:22,320: [DEBUG] 
 === 全件取得：開始 ===
2025-04-23 21:51:22,323: [DEBUG] 
 >>> データ全件取得完了
2025-04-23 21:51:22,522: [DEBUG] 
 === 全件取得：開始 ===
2025-04-23 21:51:22,542: [DEBUG] 
 >>> データ全件取得完了
2025-04-23 21:51:22,728: [DEBUG] 
 === 全件取得：開始 ===
2025-04-23 21:51:22,732: [DEBUG] 
 >>> データ全件取得完了
2025-04-23 21:51:22,931: [DEBUG] 
 === 全件取得：開始 ===
2025-04-23 21:51:22,933: [DEBUG] 
 >>> データ全件取得完了
2025-04-23 21:51:23,139: [DEBUG] 
 === 全件取得：開始 ===
2025-04-23 21:51:23,143: [DEBUG] 
 >>> データ全件取得完了
2025-04-23 21:51:23,340: [DEBUG] 
 === 全件取得：開始 ===
2025-04-23 21:51:23,342: [DEBUG] 
 >>> データ全件取得完了
2025-04-23 21:51:23,552: [DEBUG] 
 === 全件取得：開始 ===
2025-04-23 21:51:23,556: [DEBUG] 
 >>> データ全件取得完了
2025-04-23 21:51:23,751: [DEBUG] 
 === 全件取得：開始 ===
2025-04-23 21:51:23,754: [DEBUG] 
 >>> データ全件取得完了
2025-04-23 21:51:23,957: [DEBUG] 
 === 全件取得：開始 ===
2025-04-23 21:51:23,961: [DEBUG] 
 >>> データ全件取得完了
2025-04-23 21:51:24,176: [DEBUG] 
 === 全件取得：開始 ===
2025-04-23 21:51:24,182: [DEBUG] 
 >>> データ全件取得完了
2025-04-23 21:51:24,376: [DEBUG] 
 === 全件取得：開始 ===
2025-04-23 21:51:24,377: [DEBUG] 
 >>> データ全件取得完了
2025-04-23 21:51:24,596: [DEBUG] 
 === 全件取得：開始 ===
2025-04-23 21:51:24,603: [DEBUG] 
 >>> データ全件取得完了
2025-04-23 21:51:24,791: [DEBUG] 
 === 全件取得：開始 ===
2025-04-23 21:51:24,794: [DEBUG] 
 >>> データ全件取得完了
2025-04-23 21:51:25,010: [DEBUG] 
 === 全件取得：開始 ===
2025-04-23 21:51:25,013: [DEBUG] 
 >>> データ全件取得完了
2025-04-23 21:51:25,208: [DEBUG] 
 === 全件取得：開始 ===
2025-04-23 21:51:25,212: [DEBUG] 
 >>> データ全件取得完了
2025-04-23 21:51:25,423: [DEBUG] 
 === 全件取得：開始 ===
2025-04-23 21:51:25,427: [DEBUG] 
 >>> データ全件取得完了
2025-04-23 21:51:25,844: [DEBUG] 
 === 全件取得：開始 ===
2025-04-23 21:51:25,860: [DEBUG] 
 >>> データ全件取得完了
2025-04-23 21:51:26,057: [DEBUG] 
 === 全件取得：開始 ===
2025-04-23 21:51:26,058: [DEBUG] 
 >>> データ全件取得完了
2025-04-23 21:51:26,262: [DEBUG] 
 === 全件取得：開始 ===
2025-04-23 21:51:26,267: [DEBUG] 
 >>> データ全件取得完了
2025-04-23 21:51:26,502: [DEBUG] 
 === 全件取得：開始 ===
2025-04-23 21:51:26,509: [DEBUG] 
 >>> データ全件取得完了
2025-04-23 21:51:26,686: [DEBUG] 
 === 全件取得：開始 ===
2025-04-23 21:51:26,693: [DEBUG] 
 >>> データ全件取得完了
2025-04-23 21:51:26,880: [DEBUG] 
 === 全件取得：開始 ===
2025-04-23 21:51:26,883: [DEBUG] 
 >>> データ全件取得完了
2025-04-23 21:51:27,089: [DEBUG] 
 === 全件取得：開始 ===
2025-04-23 21:51:27,093: [DEBUG] 
 >>> データ全件取得完了
2025-04-23 21:51:27,310: [DEBUG] 
 === 全件取得：開始 ===
2025-04-23 21:51:27,312: [DEBUG] 
 >>> データ全件取得完了
2025-04-23 21:51:27,523: [DEBUG] 
 === 全件取得：開始 ===
2025-04-23 21:51:27,527: [DEBUG] 
 >>> データ全件取得完了
2025-04-23 21:51:27,718: [DEBUG] 
 === 全件取得：開始 ===
2025-04-23 21:51:27,722: [DEBUG] 
 >>> データ全件取得完了
2025-04-23 21:51:27,925: [DEBUG] 
 === 全件取得：開始 ===
2025-04-23 21:51:27,927: [DEBUG] 
 >>> データ全件取得完了
2025-04-23 21:51:28,137: [DEBUG] 
 === 全件取得：開始 ===
2025-04-23 21:51:28,140: [DEBUG] 
 >>> データ全件取得完了
2025-04-23 21:51:28,345: [DEBUG] 
 === 全件取得：開始 ===
2025-04-23 21:51:28,348: [DEBUG] 
 >>> データ全件取得完了
2025-04-23 21:51:28,545: [DEBUG] 
 === 全件取得：開始 ===
2025-04-23 21:51:28,550: [DEBUG] 
 >>> データ全件取得完了
2025-04-23 21:51:28,755: [DEBUG] 
 === 全件取得：開始 ===
2025-04-23 21:51:28,759: [DEBUG] 
 >>> データ全件取得完了
2025-04-23 21:51:28,969: [DEBUG] 
 === 全件取得：開始 ===
2025-04-23 21:51:28,974: [DEBUG] 
 >>> データ全件取得完了
2025-04-23 21:51:29,177: [DEBUG] 
 === 全件取得：開始 ===
2025-04-23 21:51:29,181: [DEBUG] 
 >>> データ全件取得完了
2025-04-23 21:51:29,374: [DEBUG] 
 === 全件取得：開始 ===
2025-04-23 21:51:29,376: [DEBUG] 
 >>> データ全件取得完了
2025-04-23 21:51:29,576: [DEBUG] 
 === 全件取得：開始 ===
2025-04-23 21:51:29,578: [DEBUG] 
 >>> データ全件取得完了
2025-04-23 21:51:29,781: [DEBUG] 
 === 全件取得：開始 ===
2025-04-23 21:51:29,785: [DEBUG] 
 >>> データ全件取得完了
2025-04-23 21:51:29,995: [DEBUG] 
 === 全件取得：開始 ===
2025-04-23 21:51:29,999: [DEBUG] 
 >>> データ全件取得完了
2025-04-23 21:51:30,199: [DEBUG] 
 === 全件取得：開始 ===
2025-04-23 21:51:30,203: [DEBUG] 
 >>> データ全件取得完了
2025-04-23 21:51:30,407: [DEBUG] 
 === 全件取得：開始 ===
2025-04-23 21:51:30,412: [DEBUG] 
 >>> データ全件取得完了
2025-04-23 21:51:30,624: [DEBUG] 
 === 全件取得：開始 ===
2025-04-23 21:51:30,626: [DEBUG] 
 >>> データ全件取得完了
2025-04-23 21:51:30,824: [DEBUG] 
 === 全件取得：開始 ===
2025-04-23 21:51:30,829: [DEBUG] 
 >>> データ全件取得完了
2025-04-23 21:51:31,029: [DEBUG] 
 === 全件取得：開始 ===
2025-04-23 21:51:31,032: [DEBUG] 
 >>> データ全件取得完了
2025-04-23 21:51:31,245: [DEBUG] 
 === 全件取得：開始 ===
2025-04-23 21:51:31,249: [DEBUG] 
 >>> データ全件取得完了
2025-04-23 21:51:31,438: [DEBUG] 
 === 全件取得：開始 ===
2025-04-23 21:51:31,442: [DEBUG] 
 >>> データ全件取得完了
2025-04-23 21:51:31,652: [DEBUG] 
 === 全件取得：開始 ===
2025-04-23 21:51:31,658: [DEBUG] 
 >>> データ全件取得完了
2025-04-23 21:51:31,862: [DEBUG] 
 === 全件取得：開始 ===
2025-04-23 21:51:31,865: [DEBUG] 
 >>> データ全件取得完了
2025-04-23 21:51:32,072: [DEBUG] 
 === 全件取得：開始 ===
2025-04-23 21:51:32,077: [DEBUG] 
 >>> データ全件取得完了
2025-04-23 21:51:32,274: [DEBUG] 
 === 全件取得：開始 ===
2025-04-23 21:51:32,287: [DEBUG] 
 >>> データ全件取得完了
2025-04-23 21:51:32,494: [DEBUG] 
 === 全件取得：開始 ===
2025-04-23 21:51:32,501: [DEBUG] 
 >>> データ全件取得完了
2025-04-23 21:51:32,688: [DEBUG] 
 === 全件取得：開始 ===
2025-04-23 21:51:32,693: [DEBUG] 
 >>> データ全件取得完了
2025-04-23 21:51:32,901: [DEBUG] 
 === 全件取得：開始 ===
2025-04-23 21:51:32,905: [DEBUG] 
 >>> データ全件取得完了
2025-04-23 21:51:33,103: [DEBUG] 
 === 全件取得：開始 ===
2025-04-23 21:51:33,107: [DEBUG] 
 >>> データ全件取得完了
2025-04-23 21:51:33,312: [DEBUG] 
 === 全件取得：開始 ===
2025-04-23 21:51:33,315: [DEBUG] 
 >>> データ全件取得完了
2025-04-23 21:51:33,513: [DEBUG] 
 === 全件取得：開始 ===
2025-04-23 21:51:33,516: [DEBUG] 
 >>> データ全件取得完了
2025-04-23 21:51:33,726: [DEBUG] 
 === 全件取得：開始 ===
2025-04-23 21:51:33,731: [DEBUG] 
 >>> データ全件取得完了
2025-04-23 21:51:33,940: [DEBUG] 
 === 全件取得：開始 ===
2025-04-23 21:51:33,950: [DEBUG] 
 >>> データ全件取得完了
2025-04-23 21:51:34,136: [DEBUG] 
 === 全件取得：開始 ===
2025-04-23 21:51:34,140: [DEBUG] 
 >>> データ全件取得完了
2025-04-23 21:51:34,340: [DEBUG] 
 === 全件取得：開始 ===
2025-04-23 21:51:34,343: [DEBUG] 
 >>> データ全件取得完了
2025-04-23 21:51:34,546: [DEBUG] 
 === 全件取得：開始 ===
2025-04-23 21:51:34,551: [DEBUG] 
 >>> データ全件取得完了
2025-04-23 21:51:34,754: [DEBUG] 
 === 全件取得：開始 ===
2025-04-23 21:51:34,758: [DEBUG] 
 >>> データ全件取得完了
2025-04-23 21:51:34,968: [DEBUG] 
 === 全件取得：開始 ===
2025-04-23 21:51:34,971: [DEBUG] 
 >>> データ全件取得完了
2025-04-23 21:51:35,181: [DEBUG] 
 === 全件取得：開始 ===
2025-04-23 21:51:35,183: [DEBUG] 
 >>> データ全件取得完了
2025-04-23 21:51:35,379: [DEBUG] 
 === 全件取得：開始 ===
2025-04-23 21:51:35,381: [DEBUG] 
 >>> データ全件取得完了
2025-04-23 21:51:35,588: [DEBUG] 
 === 全件取得：開始 ===
2025-04-23 21:51:35,590: [DEBUG] 
 >>> データ全件取得完了
2025-04-23 21:51:35,798: [DEBUG] 
 === 全件取得：開始 ===
2025-04-23 21:51:35,802: [DEBUG] 
 >>> データ全件取得完了
2025-04-23 21:51:36,009: [DEBUG] 
 === 全件取得：開始 ===
2025-04-23 21:51:36,017: [DEBUG] 
 >>> データ全件取得完了
2025-04-23 21:51:36,207: [DEBUG] 
 === 全件取得：開始 ===
2025-04-23 21:51:36,210: [DEBUG] 
 >>> データ全件取得完了
2025-04-23 21:51:36,416: [DEBUG] 
 === 全件取得：開始 ===
2025-04-23 21:51:36,420: [DEBUG] 
 >>> データ全件取得完了
2025-04-23 21:51:36,674: [DEBUG] 
 === 全件取得：開始 ===
2025-04-23 21:51:36,680: [DEBUG] 
 >>> データ全件取得完了
2025-04-23 21:51:36,844: [DEBUG] 
 === 全件取得：開始 ===
2025-04-23 21:51:36,851: [DEBUG] 
 >>> データ全件取得完了
2025-04-23 21:51:37,032: [DEBUG] 
 === 全件取得：開始 ===
2025-04-23 21:51:37,037: [DEBUG] 
 >>> データ全件取得完了
2025-04-23 21:51:37,243: [DEBUG] 
 === 全件取得：開始 ===
2025-04-23 21:51:37,244: [DEBUG] 
 >>> データ全件取得完了
2025-04-23 21:51:37,454: [DEBUG] 
 === 全件取得：開始 ===
2025-04-23 21:51:37,456: [DEBUG] 
 >>> データ全件取得完了
2025-04-23 21:51:37,657: [DEBUG] 
 === 全件取得：開始 ===
2025-04-23 21:51:37,662: [DEBUG] 
 >>> データ全件取得完了
2025-04-23 21:51:37,875: [DEBUG] 
 === 全件取得：開始 ===
2025-04-23 21:51:37,878: [DEBUG] 
 >>> データ全件取得完了
2025-04-23 21:51:38,085: [DEBUG] 
 === 全件取得：開始 ===
2025-04-23 21:51:38,095: [DEBUG] 
 >>> データ全件取得完了
2025-04-23 21:51:38,292: [DEBUG] 
 === 全件取得：開始 ===
2025-04-23 21:51:38,293: [DEBUG] 
 >>> データ全件取得完了
2025-04-23 21:51:38,509: [DEBUG] 
 === 全件取得：開始 ===
2025-04-23 21:51:38,512: [DEBUG] 
 >>> データ全件取得完了
2025-04-23 21:51:38,700: [DEBUG] 
 === 全件取得：開始 ===
2025-04-23 21:51:38,703: [DEBUG] 
 >>> データ全件取得完了
2025-04-23 21:51:38,907: [DEBUG] 
 === 全件取得：開始 ===
2025-04-23 21:51:38,911: [DEBUG] 
 >>> データ全件取得完了
2025-04-23 21:51:39,110: [DEBUG] 
 === 全件取得：開始 ===
2025-04-23 21:51:39,113: [DEBUG] 
 >>> データ全件取得完了
2025-04-23 21:51:39,328: [DEBUG] 
 === 全件取得：開始 ===
2025-04-23 21:51:39,330: [DEBUG] 
 >>> データ全件取得完了
2025-04-23 21:51:39,531: [DEBUG] 
 === 全件取得：開始 ===
2025-04-23 21:51:39,538: [DEBUG] 
 >>> データ全件取得完了
2025-04-23 21:51:39,737: [DEBUG] 
 === 全件取得：開始 ===
2025-04-23 21:51:39,741: [DEBUG] 
 >>> データ全件取得完了
2025-04-23 21:51:39,946: [DEBUG] 
 === 全件取得：開始 ===
2025-04-23 21:51:39,950: [DEBUG] 
 >>> データ全件取得完了
2025-04-23 21:51:40,151: [DEBUG] 
 === 全件取得：開始 ===
2025-04-23 21:51:40,158: [DEBUG] 
 >>> データ全件取得完了
2025-04-23 21:51:40,354: [DEBUG] 
 === 全件取得：開始 ===
2025-04-23 21:51:40,356: [DEBUG] 
 >>> データ全件取得完了
2025-04-23 21:51:40,560: [DEBUG] 
 === 全件取得：開始 ===
2025-04-23 21:51:40,564: [DEBUG] 
 >>> データ全件取得完了
2025-04-23 21:51:40,769: [DEBUG] 
 === 全件取得：開始 ===
2025-04-23 21:51:40,773: [DEBUG] 
 >>> データ全件取得完了
2025-04-23 21:51:40,998: [DEBUG] 
 === 全件取得：開始 ===
2025-04-23 21:51:41,003: [DEBUG] 
 >>> データ全件取得完了
2025-04-23 21:51:41,179: [DEBUG] 
 === 全件取得：開始 ===
2025-04-23 21:51:41,183: [DEBUG] 
 >>> データ全件取得完了
2025-04-23 21:51:41,383: [DEBUG] 
 === 全件取得：開始 ===
2025-04-23 21:51:41,386: [DEBUG] 
 >>> データ全件取得完了
2025-04-23 21:51:41,606: [DEBUG] 
 === 全件取得：開始 ===
2025-04-23 21:51:41,610: [DEBUG] 
 >>> データ全件取得完了
2025-04-23 21:51:41,805: [DEBUG] 
 === 全件取得：開始 ===
2025-04-23 21:51:41,808: [DEBUG] 
 >>> データ全件取得完了
2025-04-23 21:51:42,015: [DEBUG] 
 === 全件取得：開始 ===
2025-04-23 21:51:42,018: [DEBUG] 
 >>> データ全件取得完了
2025-04-23 21:51:42,263: [DEBUG] 
 === 全件取得：開始 ===
2025-04-23 21:51:42,266: [DEBUG] 
 >>> データ全件取得完了
2025-04-23 21:51:42,420: [DEBUG] 
 === 全件取得：開始 ===
2025-04-23 21:51:42,424: [DEBUG] 
 >>> データ全件取得完了
2025-04-23 21:51:42,624: [DEBUG] 
 === 全件取得：開始 ===
2025-04-23 21:51:42,627: [DEBUG] 
 >>> データ全件取得完了
2025-04-23 21:51:42,838: [DEBUG] 
 === 全件取得：開始 ===
2025-04-23 21:51:42,843: [DEBUG] 
 >>> データ全件取得完了
2025-04-23 21:51:43,043: [DEBUG] 
 === 全件取得：開始 ===
2025-04-23 21:51:43,047: [DEBUG] 
 >>> データ全件取得完了
2025-04-23 21:51:43,251: [DEBUG] 
 === 全件取得：開始 ===
2025-04-23 21:51:43,258: [DEBUG] 
 >>> データ全件取得完了
2025-04-23 21:51:43,448: [DEBUG] 
 === 全件取得：開始 ===
2025-04-23 21:51:43,452: [DEBUG] 
 >>> データ全件取得完了
2025-04-23 21:51:43,655: [DEBUG] 
 === 全件取得：開始 ===
2025-04-23 21:51:43,659: [DEBUG] 
 >>> データ全件取得完了
2025-04-23 21:51:43,873: [DEBUG] 
 === 全件取得：開始 ===
2025-04-23 21:51:43,876: [DEBUG] 
 >>> データ全件取得完了
2025-04-23 21:51:44,089: [DEBUG] 
 === 全件取得：開始 ===
2025-04-23 21:51:44,093: [DEBUG] 
 >>> データ全件取得完了
2025-04-23 21:51:44,278: [DEBUG] 
 === 全件取得：開始 ===
2025-04-23 21:51:44,281: [DEBUG] 
 >>> データ全件取得完了
2025-04-23 21:51:44,488: [DEBUG] 
 === 全件取得：開始 ===
2025-04-23 21:51:44,491: [DEBUG] 
 >>> データ全件取得完了
2025-04-23 21:51:44,695: [DEBUG] 
 === 全件取得：開始 ===
2025-04-23 21:51:44,698: [DEBUG] 
 >>> データ全件取得完了
2025-04-23 21:51:44,901: [DEBUG] 
 === 全件取得：開始 ===
2025-04-23 21:51:44,906: [DEBUG] 
 >>> データ全件取得完了
2025-04-23 21:51:45,104: [DEBUG] 
 === 全件取得：開始 ===
2025-04-23 21:51:45,107: [DEBUG] 
 >>> データ全件取得完了
2025-04-23 21:51:45,306: [DEBUG] 
 === 全件取得：開始 ===
2025-04-23 21:51:45,308: [DEBUG] 
 >>> データ全件取得完了
2025-04-23 21:51:45,517: [DEBUG] 
 === 全件取得：開始 ===
2025-04-23 21:51:45,521: [DEBUG] 
 >>> データ全件取得完了
2025-04-23 21:51:45,733: [DEBUG] 
 === 全件取得：開始 ===
2025-04-23 21:51:45,736: [DEBUG] 
 >>> データ全件取得完了
2025-04-23 21:51:45,935: [DEBUG] 
 === 全件取得：開始 ===
2025-04-23 21:51:45,939: [DEBUG] 
 >>> データ全件取得完了
2025-04-23 21:51:46,140: [DEBUG] 
 === 全件取得：開始 ===
2025-04-23 21:51:46,143: [DEBUG] 
 >>> データ全件取得完了
2025-04-23 21:51:46,347: [DEBUG] 
 === 全件取得：開始 ===
2025-04-23 21:51:46,350: [DEBUG] 
 >>> データ全件取得完了
2025-04-23 21:51:46,554: [DEBUG] 
 === 全件取得：開始 ===
2025-04-23 21:51:46,558: [DEBUG] 
 >>> データ全件取得完了
2025-04-23 21:51:46,758: [DEBUG] 
 === 全件取得：開始 ===
2025-04-23 21:51:46,761: [DEBUG] 
 >>> データ全件取得完了
2025-04-23 21:51:46,969: [DEBUG] 
 === 全件取得：開始 ===
2025-04-23 21:51:46,974: [DEBUG] 
 >>> データ全件取得完了
2025-04-23 21:51:47,183: [DEBUG] 
 === 全件取得：開始 ===
2025-04-23 21:51:47,187: [DEBUG] 
 >>> データ全件取得完了
2025-04-23 21:51:47,381: [DEBUG] 
 === 全件取得：開始 ===
2025-04-23 21:51:47,385: [DEBUG] 
 >>> データ全件取得完了
2025-04-23 21:51:47,603: [DEBUG] 
 === 全件取得：開始 ===
2025-04-23 21:51:47,611: [DEBUG] 
 >>> データ全件取得完了
2025-04-23 21:51:47,811: [DEBUG] 
 === 全件取得：開始 ===
2025-04-23 21:51:47,821: [DEBUG] 
 >>> データ全件取得完了
2025-04-23 21:51:48,003: [DEBUG] 
 === 全件取得：開始 ===
2025-04-23 21:51:48,008: [DEBUG] 
 >>> データ全件取得完了
2025-04-23 21:51:48,225: [DEBUG] 
 === 全件取得：開始 ===
2025-04-23 21:51:48,227: [DEBUG] 
 >>> データ全件取得完了
2025-04-23 21:51:48,425: [DEBUG] 
 === 全件取得：開始 ===
2025-04-23 21:51:48,432: [DEBUG] 
 >>> データ全件取得完了
2025-04-23 21:51:48,888: [DEBUG] 
 === 全件取得：開始 ===
2025-04-23 21:51:48,905: [DEBUG] 
 >>> データ全件取得完了
2025-04-23 21:51:49,038: [DEBUG] 
 === 全件取得：開始 ===
2025-04-23 21:51:49,048: [DEBUG] 
 >>> データ全件取得完了
2025-04-23 21:51:49,238: [DEBUG] 
 === 全件取得：開始 ===
2025-04-23 21:51:49,244: [DEBUG] 
 >>> データ全件取得完了
2025-04-23 21:51:49,453: [DEBUG] 
 === 全件取得：開始 ===
2025-04-23 21:51:49,458: [DEBUG] 
 >>> データ全件取得完了
2025-04-23 21:51:49,658: [DEBUG] 
 === 全件取得：開始 ===
2025-04-23 21:51:49,663: [DEBUG] 
 >>> データ全件取得完了
2025-04-23 21:51:49,859: [DEBUG] 
 === 全件取得：開始 ===
2025-04-23 21:51:49,865: [DEBUG] 
 >>> データ全件取得完了
2025-04-23 21:51:50,074: [DEBUG] 
 === 全件取得：開始 ===
2025-04-23 21:51:50,077: [DEBUG] 
 >>> データ全件取得完了
2025-04-23 21:51:50,267: [DEBUG] 
 === 全件取得：開始 ===
2025-04-23 21:51:50,271: [DEBUG] 
 >>> データ全件取得完了
2025-04-23 21:51:50,496: [DEBUG] 
 === 全件取得：開始 ===
2025-04-23 21:51:50,507: [DEBUG] 
 >>> データ全件取得完了
2025-04-23 21:51:50,687: [DEBUG] 
 === 全件取得：開始 ===
2025-04-23 21:51:50,692: [DEBUG] 
 >>> データ全件取得完了
2025-04-23 21:51:50,897: [DEBUG] 
 === 全件取得：開始 ===
2025-04-23 21:51:50,899: [DEBUG] 
 >>> データ全件取得完了
2025-04-23 21:51:51,116: [DEBUG] 
 === 全件取得：開始 ===
2025-04-23 21:51:51,120: [DEBUG] 
 >>> データ全件取得完了
2025-04-23 21:51:51,307: [DEBUG] 
 === 全件取得：開始 ===
2025-04-23 21:51:51,310: [DEBUG] 
 >>> データ全件取得完了
2025-04-23 21:51:51,521: [DEBUG] 
 === 全件取得：開始 ===
2025-04-23 21:51:51,527: [DEBUG] 
 >>> データ全件取得完了
2025-04-23 21:51:51,727: [DEBUG] 
 === 全件取得：開始 ===
2025-04-23 21:51:51,731: [DEBUG] 
 >>> データ全件取得完了
2025-04-23 21:51:51,926: [DEBUG] 
 === 全件取得：開始 ===
2025-04-23 21:51:51,931: [DEBUG] 
 >>> データ全件取得完了
2025-04-23 21:51:52,137: [DEBUG] 
 === 全件取得：開始 ===
2025-04-23 21:51:52,141: [DEBUG] 
 >>> データ全件取得完了
2025-04-23 21:51:52,368: [DEBUG] 
 === 全件取得：開始 ===
2025-04-23 21:51:52,371: [DEBUG] 
 >>> データ全件取得完了
2025-04-23 21:51:52,584: [DEBUG] 
 === 全件取得：開始 ===
2025-04-23 21:51:52,588: [DEBUG] 
 >>> データ全件取得完了
2025-04-23 21:51:52,771: [DEBUG] 
 === 全件取得：開始 ===
2025-04-23 21:51:52,774: [DEBUG] 
 >>> データ全件取得完了
2025-04-23 21:51:52,995: [DEBUG] 
 === 全件取得：開始 ===
2025-04-23 21:51:53,000: [DEBUG] 
 >>> データ全件取得完了
2025-04-23 21:51:53,202: [DEBUG] 
 === 全件取得：開始 ===
2025-04-23 21:51:53,207: [DEBUG] 
 >>> データ全件取得完了
2025-04-23 21:51:53,412: [DEBUG] 
 === 全件取得：開始 ===
2025-04-23 21:51:53,420: [DEBUG] 
 >>> データ全件取得完了
2025-04-23 21:51:53,610: [DEBUG] 
 === 全件取得：開始 ===
2025-04-23 21:51:53,613: [DEBUG] 
 >>> データ全件取得完了
2025-04-23 21:51:53,815: [DEBUG] 
 === 全件取得：開始 ===
2025-04-23 21:51:53,818: [DEBUG] 
 >>> データ全件取得完了
2025-04-23 21:51:54,022: [DEBUG] 
 === 全件取得：開始 ===
2025-04-23 21:51:54,027: [DEBUG] 
 >>> データ全件取得完了
2025-04-23 21:51:54,229: [DEBUG] 
 === 全件取得：開始 ===
2025-04-23 21:51:54,234: [DEBUG] 
 >>> データ全件取得完了
2025-04-23 21:51:54,438: [DEBUG] 
 === 全件取得：開始 ===
2025-04-23 21:51:54,443: [DEBUG] 
 >>> データ全件取得完了
2025-04-23 21:51:54,637: [DEBUG] 
 === 全件取得：開始 ===
2025-04-23 21:51:54,641: [DEBUG] 
 >>> データ全件取得完了
2025-04-23 21:51:54,851: [DEBUG] 
 === 全件取得：開始 ===
2025-04-23 21:51:54,855: [DEBUG] 
 >>> データ全件取得完了
2025-04-23 21:51:55,059: [DEBUG] 
 === 全件取得：開始 ===
2025-04-23 21:51:55,064: [DEBUG] 
 >>> データ全件取得完了
2025-04-23 21:51:55,252: [DEBUG] 
 === 全件取得：開始 ===
2025-04-23 21:51:55,255: [DEBUG] 
 >>> データ全件取得完了
2025-04-23 21:51:55,465: [DEBUG] 
 === 全件取得：開始 ===
2025-04-23 21:51:55,469: [DEBUG] 
 >>> データ全件取得完了
2025-04-23 21:51:55,675: [DEBUG] 
 === 全件取得：開始 ===
2025-04-23 21:51:55,680: [DEBUG] 
 >>> データ全件取得完了
2025-04-23 21:51:55,882: [DEBUG] 
 === 全件取得：開始 ===
2025-04-23 21:51:55,890: [DEBUG] 
 >>> データ全件取得完了
2025-04-23 21:51:56,093: [DEBUG] 
 === 全件取得：開始 ===
2025-04-23 21:51:56,097: [DEBUG] 
 >>> データ全件取得完了
2025-04-23 21:51:56,306: [DEBUG] 
 === 全件取得：開始 ===
2025-04-23 21:51:56,310: [DEBUG] 
 >>> データ全件取得完了
2025-04-23 21:51:56,518: [DEBUG] 
 === 全件取得：開始 ===
2025-04-23 21:51:56,522: [DEBUG] 
 >>> データ全件取得完了
2025-04-23 21:51:56,725: [DEBUG] 
 === 全件取得：開始 ===
2025-04-23 21:51:56,730: [DEBUG] 
 >>> データ全件取得完了
2025-04-23 21:51:56,929: [DEBUG] 
 === 全件取得：開始 ===
2025-04-23 21:51:56,933: [DEBUG] 
 >>> データ全件取得完了
2025-04-23 21:51:57,242: [DEBUG] 
 === 全件取得：開始 ===
2025-04-23 21:51:57,244: [DEBUG] 
 >>> データ全件取得完了
2025-04-23 21:51:57,436: [DEBUG] 
 === 全件取得：開始 ===
2025-04-23 21:51:57,440: [DEBUG] 
 >>> データ全件取得完了
2025-04-23 21:51:57,645: [DEBUG] 
 === 全件取得：開始 ===
2025-04-23 21:51:57,649: [DEBUG] 
 >>> データ全件取得完了
2025-04-23 21:51:57,855: [DEBUG] 
 === 全件取得：開始 ===
2025-04-23 21:51:57,859: [DEBUG] 
 >>> データ全件取得完了
2025-04-23 21:51:58,061: [DEBUG] 
 === 全件取得：開始 ===
2025-04-23 21:51:58,065: [DEBUG] 
 >>> データ全件取得完了
2025-04-23 21:51:58,255: [DEBUG] 
 === 全件取得：開始 ===
2025-04-23 21:51:58,260: [DEBUG] 
 >>> データ全件取得完了
2025-04-23 21:51:58,460: [DEBUG] 
 === 全件取得：開始 ===
2025-04-23 21:51:58,476: [DEBUG] 
 >>> データ全件取得完了
2025-04-23 21:51:58,676: [DEBUG] 
 === 全件取得：開始 ===
2025-04-23 21:51:58,684: [DEBUG] 
 >>> データ全件取得完了
2025-04-23 21:52:06,529: [DEBUG] 
 === 全件取得：開始 ===
2025-04-23 21:52:06,541: [DEBUG] 
 >>> データ全件取得完了
2025-04-23 21:52:06,704: [DEBUG] 
 === 全件取得：開始 ===
2025-04-23 21:52:06,711: [DEBUG] 
 >>> データ全件取得完了
2025-04-23 21:52:06,905: [DEBUG] 
 === 全件取得：開始 ===
2025-04-23 21:52:06,910: [DEBUG] 
 >>> データ全件取得完了
2025-04-23 21:52:07,124: [DEBUG] 
 === 全件取得：開始 ===
2025-04-23 21:52:07,126: [DEBUG] 
 >>> データ全件取得完了
2025-04-23 21:52:07,337: [DEBUG] 
 === 全件取得：開始 ===
2025-04-23 21:52:07,341: [DEBUG] 
 >>> データ全件取得完了
2025-04-23 21:52:07,536: [DEBUG] 
 === 全件取得：開始 ===
2025-04-23 21:52:07,539: [DEBUG] 
 >>> データ全件取得完了
2025-04-23 21:52:07,747: [DEBUG] 
 === 全件取得：開始 ===
2025-04-23 21:52:07,751: [DEBUG] 
 >>> データ全件取得完了
2025-04-23 21:52:07,947: [DEBUG] 
 === 全件取得：開始 ===
2025-04-23 21:52:07,950: [DEBUG] 
 >>> データ全件取得完了
2025-04-23 21:52:08,162: [DEBUG] 
 === 全件取得：開始 ===
2025-04-23 21:52:08,163: [DEBUG] 
 >>> データ全件取得完了
2025-04-23 21:52:08,377: [DEBUG] 
 === 全件取得：開始 ===
2025-04-23 21:52:08,386: [DEBUG] 
 >>> データ全件取得完了
2025-04-23 21:52:08,571: [DEBUG] 
 === 全件取得：開始 ===
2025-04-23 21:52:08,573: [DEBUG] 
 >>> データ全件取得完了
2025-04-23 21:52:08,781: [DEBUG] 
 === 全件取得：開始 ===
2025-04-23 21:52:08,784: [DEBUG] 
 >>> データ全件取得完了
2025-04-23 21:52:08,983: [DEBUG] 
 === 全件取得：開始 ===
2025-04-23 21:52:08,988: [DEBUG] 
 >>> データ全件取得完了
2025-04-23 21:52:09,193: [DEBUG] 
 === 全件取得：開始 ===
2025-04-23 21:52:09,197: [DEBUG] 
 >>> データ全件取得完了
2025-04-23 21:52:09,396: [DEBUG] 
 === 全件取得：開始 ===
2025-04-23 21:52:09,399: [DEBUG] 
 >>> データ全件取得完了
2025-04-23 21:52:09,605: [DEBUG] 
 === 全件取得：開始 ===
2025-04-23 21:52:09,607: [DEBUG] 
 >>> データ全件取得完了
2025-04-23 21:52:09,815: [DEBUG] 
 === 全件取得：開始 ===
2025-04-23 21:52:09,818: [DEBUG] 
 >>> データ全件取得完了
2025-04-23 21:52:10,019: [DEBUG] 
 === 全件取得：開始 ===
2025-04-23 21:52:10,027: [DEBUG] 
 >>> データ全件取得完了
2025-04-23 21:52:10,230: [DEBUG] 
 === 全件取得：開始 ===
2025-04-23 21:52:10,232: [DEBUG] 
 >>> データ全件取得完了
2025-04-23 21:52:10,435: [DEBUG] 
 === 全件取得：開始 ===
2025-04-23 21:52:10,437: [DEBUG] 
 >>> データ全件取得完了
2025-04-23 21:52:10,645: [DEBUG] 
 === 全件取得：開始 ===
2025-04-23 21:52:10,648: [DEBUG] 
 >>> データ全件取得完了
2025-04-23 21:52:10,846: [DEBUG] 
 === 全件取得：開始 ===
2025-04-23 21:52:10,851: [DEBUG] 
 >>> データ全件取得完了
2025-04-23 21:52:11,045: [DEBUG] 
 === 全件取得：開始 ===
2025-04-23 21:52:11,050: [DEBUG] 
 >>> データ全件取得完了
2025-04-23 21:52:11,267: [DEBUG] 
 === 全件取得：開始 ===
2025-04-23 21:52:11,271: [DEBUG] 
 >>> データ全件取得完了
2025-04-23 21:52:11,485: [DEBUG] 
 === 全件取得：開始 ===
2025-04-23 21:52:11,488: [DEBUG] 
 >>> データ全件取得完了
2025-04-23 21:52:11,673: [DEBUG] 
 === 全件取得：開始 ===
2025-04-23 21:52:11,675: [DEBUG] 
 >>> データ全件取得完了
2025-04-23 21:52:11,918: [DEBUG] 
 === 全件取得：開始 ===
2025-04-23 21:52:11,920: [DEBUG] 
 >>> データ全件取得完了
2025-04-23 21:52:12,088: [DEBUG] 
 === 全件取得：開始 ===
2025-04-23 21:52:12,091: [DEBUG] 
 >>> データ全件取得完了
2025-04-23 21:52:12,298: [DEBUG] 
 === 全件取得：開始 ===
2025-04-23 21:52:12,303: [DEBUG] 
 >>> データ全件取得完了
2025-04-23 21:52:12,506: [DEBUG] 
 === 全件取得：開始 ===
2025-04-23 21:52:12,512: [DEBUG] 
 >>> データ全件取得完了
2025-04-23 21:52:12,711: [DEBUG] 
 === 全件取得：開始 ===
2025-04-23 21:52:12,716: [DEBUG] 
 >>> データ全件取得完了
2025-04-23 21:52:13,051: [DEBUG] 
 === 全件取得：開始 ===
2025-04-23 21:52:13,060: [DEBUG] 
 >>> データ全件取得完了
2025-04-23 21:52:13,223: [DEBUG] 
 === 全件取得：開始 ===
2025-04-23 21:52:13,225: [DEBUG] 
 >>> データ全件取得完了
2025-04-23 21:52:13,433: [DEBUG] 
 === 全件取得：開始 ===
2025-04-23 21:52:13,440: [DEBUG] 
 >>> データ全件取得完了
2025-04-23 21:52:13,644: [DEBUG] 
 === 全件取得：開始 ===
2025-04-23 21:52:13,649: [DEBUG] 
 >>> データ全件取得完了
2025-04-23 21:52:13,845: [DEBUG] 
 === 全件取得：開始 ===
2025-04-23 21:52:13,849: [DEBUG] 
 >>> データ全件取得完了
2025-04-23 21:52:14,046: [DEBUG] 
 === 全件取得：開始 ===
2025-04-23 21:52:14,051: [DEBUG] 
 >>> データ全件取得完了
2025-04-23 21:52:14,263: [DEBUG] 
 === 全件取得：開始 ===
2025-04-23 21:52:14,268: [DEBUG] 
 >>> データ全件取得完了
2025-04-23 21:54:13,552: [DEBUG] 
 === 全件取得：開始 ===
2025-04-23 21:54:13,562: [DEBUG] 
 >>> データ全件取得完了
2025-04-23 21:54:13,737: [DEBUG] 
 === 全件取得：開始 ===
2025-04-23 21:54:13,740: [DEBUG] 
 >>> データ全件取得完了
2025-04-23 21:54:13,956: [DEBUG] 
 === 全件取得：開始 ===
2025-04-23 21:54:13,961: [DEBUG] 
 >>> データ全件取得完了
2025-04-23 21:54:14,159: [DEBUG] 
 === 全件取得：開始 ===
2025-04-23 21:54:14,163: [DEBUG] 
 >>> データ全件取得完了
2025-04-23 21:54:14,366: [DEBUG] 
 === 全件取得：開始 ===
2025-04-23 21:54:14,371: [DEBUG] 
 >>> データ全件取得完了
2025-04-23 21:54:14,563: [DEBUG] 
 === 全件取得：開始 ===
2025-04-23 21:54:14,567: [DEBUG] 
 >>> データ全件取得完了
2025-04-23 21:54:14,767: [DEBUG] 
 === 全件取得：開始 ===
2025-04-23 21:54:14,771: [DEBUG] 
 >>> データ全件取得完了
2025-04-23 21:54:14,986: [DEBUG] 
 === 全件取得：開始 ===
2025-04-23 21:54:15,025: [DEBUG] 
 >>> データ全件取得完了
2025-04-23 21:54:15,183: [DEBUG] 
 === 全件取得：開始 ===
2025-04-23 21:54:15,187: [DEBUG] 
 >>> データ全件取得完了
2025-04-23 21:54:15,408: [DEBUG] 
 === 全件取得：開始 ===
2025-04-23 21:54:15,413: [DEBUG] 
 >>> データ全件取得完了
2025-04-23 21:54:15,605: [DEBUG] 
 === 全件取得：開始 ===
2025-04-23 21:54:15,610: [DEBUG] 
 >>> データ全件取得完了
2025-04-23 21:54:15,866: [DEBUG] 
 === 全件取得：開始 ===
2025-04-23 21:54:15,872: [DEBUG] 
 >>> データ全件取得完了
2025-04-23 21:54:16,026: [DEBUG] 
 === 全件取得：開始 ===
2025-04-23 21:54:16,035: [DEBUG] 
 >>> データ全件取得完了
2025-04-23 21:54:16,233: [DEBUG] 
 === 全件取得：開始 ===
2025-04-23 21:54:16,236: [DEBUG] 
 >>> データ全件取得完了
2025-04-23 21:54:16,435: [DEBUG] 
 === 全件取得：開始 ===
2025-04-23 21:54:16,439: [DEBUG] 
 >>> データ全件取得完了
2025-04-23 21:54:16,649: [DEBUG] 
 === 全件取得：開始 ===
2025-04-23 21:54:16,655: [DEBUG] 
 >>> データ全件取得完了
2025-04-23 21:54:16,855: [DEBUG] 
 === 全件取得：開始 ===
2025-04-23 21:54:16,860: [DEBUG] 
 >>> データ全件取得完了
2025-04-23 21:54:17,062: [DEBUG] 
 === 全件取得：開始 ===
2025-04-23 21:54:17,066: [DEBUG] 
 >>> データ全件取得完了
2025-04-23 21:54:17,272: [DEBUG] 
 === 全件取得：開始 ===
2025-04-23 21:54:17,276: [DEBUG] 
 >>> データ全件取得完了
2025-04-23 21:55:40,979: [DEBUG] 
 === データベースの初期化を開始===
2025-04-23 21:55:40,984: [DEBUG] 
 >>> 既存のテーブルを削除しました
2025-04-23 21:55:40,986: [DEBUG] 
 >>> 新しいテーブルを作成しました
2025-04-23 21:55:59,387: [DEBUG] 
 === 全件取得：開始 ===
2025-04-23 21:55:59,404: [DEBUG] 
 >>> データ全件取得完了
2025-04-23 21:55:59,630: [DEBUG] 
 === 全件取得：開始 ===
2025-04-23 21:55:59,632: [DEBUG] 
 >>> データ全件取得完了
2025-04-23 21:55:59,785: [DEBUG] 
 === 全件取得：開始 ===
2025-04-23 21:55:59,788: [DEBUG] 
 >>> データ全件取得完了
2025-04-23 21:55:59,993: [DEBUG] 
 === 全件取得：開始 ===
2025-04-23 21:55:59,996: [DEBUG] 
 >>> データ全件取得完了
2025-04-23 21:56:00,203: [DEBUG] 
 === 全件取得：開始 ===
2025-04-23 21:56:00,206: [DEBUG] 
 >>> データ全件取得完了
2025-04-23 21:56:00,404: [DEBUG] 
 === 全件取得：開始 ===
2025-04-23 21:56:00,407: [DEBUG] 
 >>> データ全件取得完了
2025-04-23 21:56:00,613: [DEBUG] 
 === 全件取得：開始 ===
2025-04-23 21:56:00,615: [DEBUG] 
 >>> データ全件取得完了
2025-04-23 21:56:00,824: [DEBUG] 
 === 全件取得：開始 ===
2025-04-23 21:56:00,827: [DEBUG] 
 >>> データ全件取得完了
2025-04-23 21:56:01,019: [DEBUG] 
 === 全件取得：開始 ===
2025-04-23 21:56:01,022: [DEBUG] 
 >>> データ全件取得完了
2025-04-23 21:56:01,236: [DEBUG] 
 === 全件取得：開始 ===
2025-04-23 21:56:01,240: [DEBUG] 
 >>> データ全件取得完了
2025-04-23 21:56:01,438: [DEBUG] 
 === 全件取得：開始 ===
2025-04-23 21:56:01,442: [DEBUG] 
 >>> データ全件取得完了
2025-04-23 21:56:01,649: [DEBUG] 
 === 全件取得：開始 ===
2025-04-23 21:56:01,653: [DEBUG] 
 >>> データ全件取得完了
2025-04-23 21:56:01,847: [DEBUG] 
 === 全件取得：開始 ===
2025-04-23 21:56:01,850: [DEBUG] 
 >>> データ全件取得完了
2025-04-23 21:56:02,055: [DEBUG] 
 === 全件取得：開始 ===
2025-04-23 21:56:02,058: [DEBUG] 
 >>> データ全件取得完了
2025-04-23 21:56:02,271: [DEBUG] 
 === 全件取得：開始 ===
2025-04-23 21:56:02,274: [DEBUG] 
 >>> データ全件取得完了
2025-04-23 21:56:02,477: [DEBUG] 
 === 全件取得：開始 ===
2025-04-23 21:56:02,480: [DEBUG] 
 >>> データ全件取得完了
2025-04-23 21:56:02,681: [DEBUG] 
 === 全件取得：開始 ===
2025-04-23 21:56:02,683: [DEBUG] 
 >>> データ全件取得完了
2025-04-23 21:56:02,881: [DEBUG] 
 === 全件取得：開始 ===
2025-04-23 21:56:02,884: [DEBUG] 
 >>> データ全件取得完了
2025-04-23 21:56:03,087: [DEBUG] 
 === 全件取得：開始 ===
2025-04-23 21:56:03,091: [DEBUG] 
 >>> データ全件取得完了
2025-04-23 21:56:03,300: [DEBUG] 
 === 全件取得：開始 ===
2025-04-23 21:56:03,303: [DEBUG] 
 >>> データ全件取得完了
2025-04-23 21:56:03,511: [DEBUG] 
 === 全件取得：開始 ===
2025-04-23 21:56:03,514: [DEBUG] 
 >>> データ全件取得完了
2025-04-23 21:56:03,720: [DEBUG] 
 === 全件取得：開始 ===
2025-04-23 21:56:03,722: [DEBUG] 
 >>> データ全件取得完了
2025-04-23 21:56:03,935: [DEBUG] 
 === 全件取得：開始 ===
2025-04-23 21:56:03,937: [DEBUG] 
 >>> データ全件取得完了
2025-04-23 21:56:04,139: [DEBUG] 
 === 全件取得：開始 ===
2025-04-23 21:56:04,142: [DEBUG] 
 >>> データ全件取得完了
2025-04-23 21:56:04,348: [DEBUG] 
 === 全件取得：開始 ===
2025-04-23 21:56:04,368: [DEBUG] 
 >>> データ全件取得完了
2025-04-23 21:56:04,551: [DEBUG] 
 === 全件取得：開始 ===
2025-04-23 21:56:04,554: [DEBUG] 
 >>> データ全件取得完了
2025-04-23 21:56:04,759: [DEBUG] 
 === 全件取得：開始 ===
2025-04-23 21:56:04,763: [DEBUG] 
 >>> データ全件取得完了
2025-04-23 21:56:04,965: [DEBUG] 
 === 全件取得：開始 ===
2025-04-23 21:56:04,969: [DEBUG] 
 >>> データ全件取得完了
2025-04-23 21:56:05,177: [DEBUG] 
 === 全件取得：開始 ===
2025-04-23 21:56:05,180: [DEBUG] 
 >>> データ全件取得完了
2025-04-23 21:56:05,376: [DEBUG] 
 === 全件取得：開始 ===
2025-04-23 21:56:05,380: [DEBUG] 
 >>> データ全件取得完了
2025-04-23 21:56:05,579: [DEBUG] 
 === 全件取得：開始 ===
2025-04-23 21:56:05,583: [DEBUG] 
 >>> データ全件取得完了
2025-04-23 21:56:05,794: [DEBUG] 
 === 全件取得：開始 ===
2025-04-23 21:56:05,797: [DEBUG] 
 >>> データ全件取得完了
2025-04-23 21:56:05,994: [DEBUG] 
 === 全件取得：開始 ===
2025-04-23 21:56:06,001: [DEBUG] 
 >>> データ全件取得完了
2025-04-23 21:56:06,194: [DEBUG] 
 === 全件取得：開始 ===
2025-04-23 21:56:06,196: [DEBUG] 
 >>> データ全件取得完了
2025-04-23 21:56:06,398: [DEBUG] 
 === 全件取得：開始 ===
2025-04-23 21:56:06,401: [DEBUG] 
 >>> データ全件取得完了
2025-04-23 21:56:06,606: [DEBUG] 
 === 全件取得：開始 ===
2025-04-23 21:56:06,609: [DEBUG] 
 >>> データ全件取得完了
2025-04-23 21:56:06,811: [DEBUG] 
 === 全件取得：開始 ===
2025-04-23 21:56:06,813: [DEBUG] 
 >>> データ全件取得完了
2025-04-23 21:56:07,020: [DEBUG] 
 === 全件取得：開始 ===
2025-04-23 21:56:07,023: [DEBUG] 
 >>> データ全件取得完了
2025-04-23 21:56:07,226: [DEBUG] 
 === 全件取得：開始 ===
2025-04-23 21:56:07,229: [DEBUG] 
 >>> データ全件取得完了
2025-04-23 21:56:07,424: [DEBUG] 
 === 全件取得：開始 ===
2025-04-23 21:56:07,437: [DEBUG] 
 >>> データ全件取得完了
2025-04-23 21:56:07,444: [DEBUG] 
 === 全件取得：開始 ===
2025-04-23 21:56:07,447: [DEBUG] 
 >>> データ全件取得完了
2025-04-23 21:56:07,659: [DEBUG] 
 === 全件取得：開始 ===
2025-04-23 21:56:07,663: [DEBUG] 
 >>> データ全件取得完了
2025-04-23 21:56:07,862: [DEBUG] 
 === 全件取得：開始 ===
2025-04-23 21:56:07,866: [DEBUG] 
 >>> データ全件取得完了
2025-04-23 21:56:08,079: [DEBUG] 
 === 全件取得：開始 ===
2025-04-23 21:56:08,082: [DEBUG] 
 >>> データ全件取得完了
2025-04-23 21:56:08,279: [DEBUG] 
 === 全件取得：開始 ===
2025-04-23 21:56:08,282: [DEBUG] 
 >>> データ全件取得完了
2025-04-23 21:56:08,486: [DEBUG] 
 === 全件取得：開始 ===
2025-04-23 21:56:08,494: [DEBUG] 
 >>> データ全件取得完了
2025-04-23 21:56:08,695: [DEBUG] 
 === 全件取得：開始 ===
2025-04-23 21:56:08,698: [DEBUG] 
 >>> データ全件取得完了
2025-04-23 21:56:08,891: [DEBUG] 
 === 全件取得：開始 ===
2025-04-23 21:56:08,894: [DEBUG] 
 >>> データ全件取得完了
2025-04-23 21:56:09,102: [DEBUG] 
 === 全件取得：開始 ===
2025-04-23 21:56:09,105: [DEBUG] 
 >>> データ全件取得完了
2025-04-23 21:56:09,311: [DEBUG] 
 === 全件取得：開始 ===
2025-04-23 21:56:09,314: [DEBUG] 
 >>> データ全件取得完了
2025-04-23 21:56:09,519: [DEBUG] 
 === 全件取得：開始 ===
2025-04-23 21:56:09,521: [DEBUG] 
 >>> データ全件取得完了
2025-04-23 21:56:09,723: [DEBUG] 
 === 全件取得：開始 ===
2025-04-23 21:56:09,726: [DEBUG] 
 >>> データ全件取得完了
2025-04-23 21:56:09,932: [DEBUG] 
 === 全件取得：開始 ===
2025-04-23 21:56:09,936: [DEBUG] 
 >>> データ全件取得完了
2025-04-23 21:56:10,137: [DEBUG] 
 === 全件取得：開始 ===
2025-04-23 21:56:10,139: [DEBUG] 
 >>> データ全件取得完了
2025-04-23 21:56:10,348: [DEBUG] 
 === 全件取得：開始 ===
2025-04-23 21:56:10,351: [DEBUG] 
 >>> データ全件取得完了
2025-04-23 21:56:10,550: [DEBUG] 
 === 全件取得：開始 ===
2025-04-23 21:56:10,556: [DEBUG] 
 >>> データ全件取得完了
2025-04-23 21:56:10,750: [DEBUG] 
 === 全件取得：開始 ===
2025-04-23 21:56:10,752: [DEBUG] 
 >>> データ全件取得完了
2025-04-23 21:56:10,962: [DEBUG] 
 === 全件取得：開始 ===
2025-04-23 21:56:10,965: [DEBUG] 
 >>> データ全件取得完了
2025-04-23 21:56:11,169: [DEBUG] 
 === 全件取得：開始 ===
2025-04-23 21:56:11,172: [DEBUG] 
 >>> データ全件取得完了
2025-04-23 21:56:11,368: [DEBUG] 
 === 全件取得：開始 ===
2025-04-23 21:56:11,371: [DEBUG] 
 >>> データ全件取得完了
2025-04-23 21:56:11,575: [DEBUG] 
 === 全件取得：開始 ===
2025-04-23 21:56:11,578: [DEBUG] 
 >>> データ全件取得完了
2025-04-23 21:56:11,781: [DEBUG] 
 === 全件取得：開始 ===
2025-04-23 21:56:11,784: [DEBUG] 
 >>> データ全件取得完了
2025-04-23 21:56:11,983: [DEBUG] 
 === 全件取得：開始 ===
2025-04-23 21:56:11,987: [DEBUG] 
 >>> データ全件取得完了
2025-04-23 21:56:12,192: [DEBUG] 
 === 全件取得：開始 ===
2025-04-23 21:56:12,196: [DEBUG] 
 >>> データ全件取得完了
2025-04-23 21:56:12,394: [DEBUG] 
 === 全件取得：開始 ===
2025-04-23 21:56:12,397: [DEBUG] 
 >>> データ全件取得完了
2025-04-23 21:56:12,605: [DEBUG] 
 === 全件取得：開始 ===
2025-04-23 21:56:12,608: [DEBUG] 
 >>> データ全件取得完了
2025-04-23 21:56:12,813: [DEBUG] 
 === 全件取得：開始 ===
2025-04-23 21:56:12,815: [DEBUG] 
 >>> データ全件取得完了
2025-04-23 21:56:13,012: [DEBUG] 
 === 全件取得：開始 ===
2025-04-23 21:56:13,015: [DEBUG] 
 >>> データ全件取得完了
2025-04-23 21:56:13,293: [DEBUG] 
 === 全件取得：開始 ===
2025-04-23 21:56:13,301: [DEBUG] 
 >>> データ全件取得完了
2025-04-23 21:56:13,432: [DEBUG] 
 === 全件取得：開始 ===
2025-04-23 21:56:13,435: [DEBUG] 
 >>> データ全件取得完了
2025-04-23 21:56:13,640: [DEBUG] 
 === 全件取得：開始 ===
2025-04-23 21:56:13,643: [DEBUG] 
 >>> データ全件取得完了
2025-04-23 21:56:13,850: [DEBUG] 
 === 全件取得：開始 ===
2025-04-23 21:56:13,852: [DEBUG] 
 >>> データ全件取得完了
2025-04-23 21:56:14,063: [DEBUG] 
 === 全件取得：開始 ===
2025-04-23 21:56:14,066: [DEBUG] 
 >>> データ全件取得完了
2025-04-23 21:56:14,263: [DEBUG] 
 === 全件取得：開始 ===
2025-04-23 21:56:14,267: [DEBUG] 
 >>> データ全件取得完了
2025-04-23 21:56:14,476: [DEBUG] 
 === 全件取得：開始 ===
2025-04-23 21:56:14,480: [DEBUG] 
 >>> データ全件取得完了
2025-04-23 21:56:14,672: [DEBUG] 
 === 全件取得：開始 ===
2025-04-23 21:56:14,675: [DEBUG] 
 >>> データ全件取得完了
2025-04-23 21:56:14,875: [DEBUG] 
 === 全件取得：開始 ===
2025-04-23 21:56:14,878: [DEBUG] 
 >>> データ全件取得完了
2025-04-23 21:56:15,088: [DEBUG] 
 === 全件取得：開始 ===
2025-04-23 21:56:15,092: [DEBUG] 
 >>> データ全件取得完了
2025-04-23 21:56:15,287: [DEBUG] 
 === 全件取得：開始 ===
2025-04-23 21:56:15,290: [DEBUG] 
 >>> データ全件取得完了
2025-04-23 21:56:15,493: [DEBUG] 
 === 全件取得：開始 ===
2025-04-23 21:56:15,497: [DEBUG] 
 >>> データ全件取得完了
2025-04-23 21:56:15,713: [DEBUG] 
 === 全件取得：開始 ===
2025-04-23 21:56:15,715: [DEBUG] 
 >>> データ全件取得完了
2025-04-23 21:56:15,908: [DEBUG] 
 === 全件取得：開始 ===
2025-04-23 21:56:15,911: [DEBUG] 
 >>> データ全件取得完了
2025-04-23 21:56:16,122: [DEBUG] 
 === 全件取得：開始 ===
2025-04-23 21:56:16,124: [DEBUG] 
 >>> データ全件取得完了
2025-04-23 21:56:16,337: [DEBUG] 
 === 全件取得：開始 ===
2025-04-23 21:56:16,342: [DEBUG] 
 >>> データ全件取得完了
2025-04-23 21:56:16,535: [DEBUG] 
 === 全件取得：開始 ===
2025-04-23 21:56:16,538: [DEBUG] 
 >>> データ全件取得完了
2025-04-23 21:56:16,741: [DEBUG] 
 === 全件取得：開始 ===
2025-04-23 21:56:16,744: [DEBUG] 
 >>> データ全件取得完了
2025-04-23 21:56:16,950: [DEBUG] 
 === 全件取得：開始 ===
2025-04-23 21:56:16,953: [DEBUG] 
 >>> データ全件取得完了
2025-04-23 21:56:17,157: [DEBUG] 
 === 全件取得：開始 ===
2025-04-23 21:56:17,161: [DEBUG] 
 >>> データ全件取得完了
2025-04-23 21:56:17,370: [DEBUG] 
 === 全件取得：開始 ===
2025-04-23 21:56:17,374: [DEBUG] 
 >>> データ全件取得完了
2025-04-23 21:56:17,577: [DEBUG] 
 === 全件取得：開始 ===
2025-04-23 21:56:17,579: [DEBUG] 
 >>> データ全件取得完了
2025-04-23 21:56:17,782: [DEBUG] 
 === 全件取得：開始 ===
2025-04-23 21:56:17,785: [DEBUG] 
 >>> データ全件取得完了
2025-04-23 21:56:17,992: [DEBUG] 
 === 全件取得：開始 ===
2025-04-23 21:56:17,997: [DEBUG] 
 >>> データ全件取得完了
2025-04-23 21:56:18,193: [DEBUG] 
 === 全件取得：開始 ===
2025-04-23 21:56:18,196: [DEBUG] 
 >>> データ全件取得完了
2025-04-23 21:56:18,356: [DEBUG] 
 === 新規登録：開始 ===
2025-04-23 21:56:18,405: [DEBUG] 
 === 全件取得：開始 ===
2025-04-23 21:56:18,409: [DEBUG] 
 >>> データ全件取得完了
2025-04-23 21:56:18,613: [DEBUG] 
 === 全件取得：開始 ===
2025-04-23 21:56:18,614: [DEBUG] 
 >>> データ全件取得完了
2025-04-23 21:56:18,809: [DEBUG] 
 === 全件取得：開始 ===
2025-04-23 21:56:18,811: [DEBUG] 
 >>> データ全件取得完了
2025-04-23 21:56:19,015: [DEBUG] 
 === 全件取得：開始 ===
2025-04-23 21:56:19,018: [DEBUG] 
 >>> データ全件取得完了
2025-04-23 21:56:19,226: [DEBUG] 
 === 全件取得：開始 ===
2025-04-23 21:56:19,229: [DEBUG] 
 >>> データ全件取得完了
2025-04-23 21:56:19,428: [DEBUG] 
 === 全件取得：開始 ===
2025-04-23 21:56:19,431: [DEBUG] 
 >>> データ全件取得完了
2025-04-23 21:56:19,650: [DEBUG] 
 === 全件取得：開始 ===
2025-04-23 21:56:19,653: [DEBUG] 
 >>> データ全件取得完了
2025-04-23 21:56:19,843: [DEBUG] 
 === 全件取得：開始 ===
2025-04-23 21:56:19,846: [DEBUG] 
 >>> データ全件取得完了
2025-04-23 21:56:19,873: [DEBUG] 
 === 新規登録：開始 ===
2025-04-23 21:56:20,053: [DEBUG] 
 === 全件取得：開始 ===
2025-04-23 21:56:20,058: [DEBUG] 
 >>> データ全件取得完了
2025-04-23 21:56:20,257: [DEBUG] 
 === 全件取得：開始 ===
2025-04-23 21:56:20,259: [DEBUG] 
 >>> データ全件取得完了
2025-04-23 21:56:20,473: [DEBUG] 
 === 全件取得：開始 ===
2025-04-23 21:56:20,477: [DEBUG] 
 >>> データ全件取得完了
2025-04-23 21:56:20,674: [DEBUG] 
 === 全件取得：開始 ===
2025-04-23 21:56:20,677: [DEBUG] 
 >>> データ全件取得完了
2025-04-23 21:56:20,885: [DEBUG] 
 === 全件取得：開始 ===
2025-04-23 21:56:20,888: [DEBUG] 
 >>> データ全件取得完了
2025-04-23 21:56:21,100: [DEBUG] 
 === 全件取得：開始 ===
2025-04-23 21:56:21,103: [DEBUG] 
 >>> データ全件取得完了
2025-04-23 21:56:21,305: [DEBUG] 
 === 全件取得：開始 ===
2025-04-23 21:56:21,308: [DEBUG] 
 >>> データ全件取得完了
2025-04-23 21:56:21,504: [DEBUG] 
 === 全件取得：開始 ===
2025-04-23 21:56:21,507: [DEBUG] 
 >>> データ全件取得完了
2025-04-23 21:56:21,711: [DEBUG] 
 === 全件取得：開始 ===
2025-04-23 21:56:21,715: [DEBUG] 
 >>> データ全件取得完了
2025-04-23 21:56:21,912: [DEBUG] 
 === 全件取得：開始 ===
2025-04-23 21:56:21,915: [DEBUG] 
 >>> データ全件取得完了
2025-04-23 21:56:22,117: [DEBUG] 
 === 全件取得：開始 ===
2025-04-23 21:56:22,122: [DEBUG] 
 >>> データ全件取得完了
2025-04-23 21:56:22,331: [DEBUG] 
 === 全件取得：開始 ===
2025-04-23 21:56:22,335: [DEBUG] 
 >>> データ全件取得完了
2025-04-23 21:56:22,539: [DEBUG] 
 === 全件取得：開始 ===
2025-04-23 21:56:22,542: [DEBUG] 
 >>> データ全件取得完了
2025-04-23 21:56:22,750: [DEBUG] 
 === 全件取得：開始 ===
2025-04-23 21:56:22,752: [DEBUG] 
 >>> データ全件取得完了
2025-04-23 21:56:22,944: [DEBUG] 
 === 全件取得：開始 ===
2025-04-23 21:56:22,947: [DEBUG] 
 >>> データ全件取得完了
2025-04-23 21:56:23,155: [DEBUG] 
 === 全件取得：開始 ===
2025-04-23 21:56:23,158: [DEBUG] 
 >>> データ全件取得完了
2025-04-23 21:56:23,365: [DEBUG] 
 === 全件取得：開始 ===
2025-04-23 21:56:23,368: [DEBUG] 
 >>> データ全件取得完了
2025-04-23 21:56:23,577: [DEBUG] 
 === 全件取得：開始 ===
2025-04-23 21:56:23,581: [DEBUG] 
 >>> データ全件取得完了
2025-04-23 21:56:23,781: [DEBUG] 
 === 全件取得：開始 ===
2025-04-23 21:56:23,784: [DEBUG] 
 >>> データ全件取得完了
2025-04-23 21:56:23,995: [DEBUG] 
 === 全件取得：開始 ===
2025-04-23 21:56:23,998: [DEBUG] 
 >>> データ全件取得完了
2025-04-23 21:56:24,205: [DEBUG] 
 === 全件取得：開始 ===
2025-04-23 21:56:24,208: [DEBUG] 
 >>> データ全件取得完了
2025-04-23 21:56:24,408: [DEBUG] 
 === 全件取得：開始 ===
2025-04-23 21:56:24,416: [DEBUG] 
 >>> データ全件取得完了
2025-04-23 21:56:24,614: [DEBUG] 
 === 全件取得：開始 ===
2025-04-23 21:56:24,617: [DEBUG] 
 >>> データ全件取得完了
2025-04-23 21:56:24,832: [DEBUG] 
 === 全件取得：開始 ===
2025-04-23 21:56:24,835: [DEBUG] 
 >>> データ全件取得完了
2025-04-23 21:56:25,035: [DEBUG] 
 === 全件取得：開始 ===
2025-04-23 21:56:25,037: [DEBUG] 
 >>> データ全件取得完了
2025-04-23 21:56:25,244: [DEBUG] 
 === 全件取得：開始 ===
2025-04-23 21:56:25,247: [DEBUG] 
 >>> データ全件取得完了
2025-04-23 21:56:25,462: [DEBUG] 
 === 全件取得：開始 ===
2025-04-23 21:56:25,532: [DEBUG] 
 >>> データ全件取得完了
2025-04-23 21:56:25,793: [DEBUG] 
 === 全件取得：開始 ===
2025-04-23 21:56:25,800: [DEBUG] 
 >>> データ全件取得完了
2025-04-23 21:56:25,961: [DEBUG] 
 === 全件取得：開始 ===
2025-04-23 21:56:25,963: [DEBUG] 
 >>> データ全件取得完了
2025-04-23 21:56:26,171: [DEBUG] 
 === 全件取得：開始 ===
2025-04-23 21:56:26,174: [DEBUG] 
 >>> データ全件取得完了
2025-04-23 21:56:26,372: [DEBUG] 
 === 全件取得：開始 ===
2025-04-23 21:56:26,375: [DEBUG] 
 >>> データ全件取得完了
2025-04-23 21:56:26,581: [DEBUG] 
 === 全件取得：開始 ===
2025-04-23 21:56:26,584: [DEBUG] 
 >>> データ全件取得完了
2025-04-23 21:56:26,785: [DEBUG] 
 === 全件取得：開始 ===
2025-04-23 21:56:26,789: [DEBUG] 
 >>> データ全件取得完了
2025-04-23 21:56:26,998: [DEBUG] 
 === 全件取得：開始 ===
2025-04-23 21:56:27,001: [DEBUG] 
 >>> データ全件取得完了
2025-04-23 21:56:27,202: [DEBUG] 
 === 全件取得：開始 ===
2025-04-23 21:56:27,205: [DEBUG] 
 >>> データ全件取得完了
2025-04-23 21:56:27,413: [DEBUG] 
 === 全件取得：開始 ===
2025-04-23 21:56:27,415: [DEBUG] 
 >>> データ全件取得完了
2025-04-23 21:56:27,615: [DEBUG] 
 === 全件取得：開始 ===
2025-04-23 21:56:27,618: [DEBUG] 
 >>> データ全件取得完了
2025-04-23 21:56:27,822: [DEBUG] 
 === 全件取得：開始 ===
2025-04-23 21:56:27,824: [DEBUG] 
 >>> データ全件取得完了
2025-04-23 21:56:28,028: [DEBUG] 
 === 全件取得：開始 ===
2025-04-23 21:56:28,031: [DEBUG] 
 >>> データ全件取得完了
2025-04-23 21:56:28,242: [DEBUG] 
 === 全件取得：開始 ===
2025-04-23 21:56:28,245: [DEBUG] 
 >>> データ全件取得完了
2025-04-23 21:56:28,434: [DEBUG] 
 === 全件取得：開始 ===
2025-04-23 21:56:28,436: [DEBUG] 
 >>> データ全件取得完了
2025-04-23 21:56:28,634: [DEBUG] 
 === 全件取得：開始 ===
2025-04-23 21:56:28,637: [DEBUG] 
 >>> データ全件取得完了
2025-04-23 21:56:28,845: [DEBUG] 
 === 全件取得：開始 ===
2025-04-23 21:56:28,848: [DEBUG] 
 >>> データ全件取得完了
2025-04-23 21:56:29,050: [DEBUG] 
 === 全件取得：開始 ===
2025-04-23 21:56:29,058: [DEBUG] 
 >>> データ全件取得完了
2025-04-23 21:56:29,255: [DEBUG] 
 === 全件取得：開始 ===
2025-04-23 21:56:29,259: [DEBUG] 
 >>> データ全件取得完了
2025-04-23 21:56:29,476: [DEBUG] 
 === 全件取得：開始 ===
2025-04-23 21:56:29,479: [DEBUG] 
 >>> データ全件取得完了
2025-04-23 21:56:29,675: [DEBUG] 
 === 全件取得：開始 ===
2025-04-23 21:56:29,681: [DEBUG] 
 >>> データ全件取得完了
2025-04-23 21:56:29,885: [DEBUG] 
 === 全件取得：開始 ===
2025-04-23 21:56:29,888: [DEBUG] 
 >>> データ全件取得完了
2025-04-23 21:56:30,085: [DEBUG] 
 === 全件取得：開始 ===
2025-04-23 21:56:30,088: [DEBUG] 
 >>> データ全件取得完了
2025-04-23 21:56:30,298: [DEBUG] 
 === 全件取得：開始 ===
2025-04-23 21:56:30,302: [DEBUG] 
 >>> データ全件取得完了
2025-04-23 21:56:30,502: [DEBUG] 
 === 全件取得：開始 ===
2025-04-23 21:56:30,505: [DEBUG] 
 >>> データ全件取得完了
2025-04-23 21:56:30,712: [DEBUG] 
 === 全件取得：開始 ===
2025-04-23 21:56:30,715: [DEBUG] 
 >>> データ全件取得完了
2025-04-23 21:56:30,924: [DEBUG] 
 === 全件取得：開始 ===
2025-04-23 21:56:30,928: [DEBUG] 
 >>> データ全件取得完了
2025-04-23 21:56:31,129: [DEBUG] 
 === 全件取得：開始 ===
2025-04-23 21:56:31,132: [DEBUG] 
 >>> データ全件取得完了
2025-04-23 21:56:31,329: [DEBUG] 
 === 全件取得：開始 ===
2025-04-23 21:56:31,332: [DEBUG] 
 >>> データ全件取得完了
2025-04-23 21:56:31,545: [DEBUG] 
 === 全件取得：開始 ===
2025-04-23 21:56:31,557: [DEBUG] 
 >>> データ全件取得完了
2025-04-23 21:56:31,744: [DEBUG] 
 === 全件取得：開始 ===
2025-04-23 21:56:31,747: [DEBUG] 
 >>> データ全件取得完了
2025-04-23 21:56:31,952: [DEBUG] 
 === 全件取得：開始 ===
2025-04-23 21:56:31,954: [DEBUG] 
 >>> データ全件取得完了
2025-04-23 21:56:32,160: [DEBUG] 
 === 全件取得：開始 ===
2025-04-23 21:56:32,163: [DEBUG] 
 >>> データ全件取得完了
2025-04-23 21:56:32,365: [DEBUG] 
 === 全件取得：開始 ===
2025-04-23 21:56:32,368: [DEBUG] 
 >>> データ全件取得完了
2025-04-23 21:56:32,577: [DEBUG] 
 === 全件取得：開始 ===
2025-04-23 21:56:32,580: [DEBUG] 
 >>> データ全件取得完了
2025-04-23 21:56:32,788: [DEBUG] 
 === 全件取得：開始 ===
2025-04-23 21:56:32,792: [DEBUG] 
 >>> データ全件取得完了
2025-04-23 21:56:32,988: [DEBUG] 
 === 全件取得：開始 ===
2025-04-23 21:56:32,998: [DEBUG] 
 >>> データ全件取得完了
2025-04-23 21:56:33,204: [DEBUG] 
 === 全件取得：開始 ===
2025-04-23 21:56:33,207: [DEBUG] 
 >>> データ全件取得完了
2025-04-23 21:56:33,439: [DEBUG] 
 === 全件取得：開始 ===
2025-04-23 21:56:33,443: [DEBUG] 
 >>> データ全件取得完了
2025-04-23 21:56:33,616: [DEBUG] 
 === 全件取得：開始 ===
2025-04-23 21:56:33,619: [DEBUG] 
 >>> データ全件取得完了
2025-04-23 21:56:33,823: [DEBUG] 
 === 全件取得：開始 ===
2025-04-23 21:56:33,825: [DEBUG] 
 >>> データ全件取得完了
2025-04-23 21:56:34,036: [DEBUG] 
 === 全件取得：開始 ===
2025-04-23 21:56:34,039: [DEBUG] 
 >>> データ全件取得完了
2025-04-23 21:56:34,250: [DEBUG] 
 === 全件取得：開始 ===
2025-04-23 21:56:34,256: [DEBUG] 
 >>> データ全件取得完了
2025-04-23 21:56:34,456: [DEBUG] 
 === 全件取得：開始 ===
2025-04-23 21:56:34,461: [DEBUG] 
 >>> データ全件取得完了
2025-04-23 21:56:34,659: [DEBUG] 
 === 全件取得：開始 ===
2025-04-23 21:56:34,662: [DEBUG] 
 >>> データ全件取得完了
2025-04-23 21:56:34,862: [DEBUG] 
 === 全件取得：開始 ===
2025-04-23 21:56:34,865: [DEBUG] 
 >>> データ全件取得完了
2025-04-23 21:56:35,073: [DEBUG] 
 === 全件取得：開始 ===
2025-04-23 21:56:35,076: [DEBUG] 
 >>> データ全件取得完了
2025-04-23 21:56:35,269: [DEBUG] 
 === 全件取得：開始 ===
2025-04-23 21:56:35,272: [DEBUG] 
 >>> データ全件取得完了
2025-04-23 21:56:35,488: [DEBUG] 
 === 全件取得：開始 ===
2025-04-23 21:56:35,491: [DEBUG] 
 >>> データ全件取得完了
2025-04-23 21:56:35,687: [DEBUG] 
 === 全件取得：開始 ===
2025-04-23 21:56:35,690: [DEBUG] 
 >>> データ全件取得完了
2025-04-23 21:56:35,889: [DEBUG] 
 === 全件取得：開始 ===
2025-04-23 21:56:35,892: [DEBUG] 
 >>> データ全件取得完了
2025-04-23 21:56:36,100: [DEBUG] 
 === 全件取得：開始 ===
2025-04-23 21:56:36,102: [DEBUG] 
 >>> データ全件取得完了
2025-04-23 21:56:36,307: [DEBUG] 
 === 全件取得：開始 ===
2025-04-23 21:56:36,310: [DEBUG] 
 >>> データ全件取得完了
2025-04-23 21:56:36,521: [DEBUG] 
 === 全件取得：開始 ===
2025-04-23 21:56:36,525: [DEBUG] 
 >>> データ全件取得完了
2025-04-23 21:56:36,728: [DEBUG] 
 === 全件取得：開始 ===
2025-04-23 21:56:36,730: [DEBUG] 
 >>> データ全件取得完了
2025-04-23 21:56:36,930: [DEBUG] 
 === 全件取得：開始 ===
2025-04-23 21:56:36,932: [DEBUG] 
 >>> データ全件取得完了
2025-04-23 21:56:37,146: [DEBUG] 
 === 全件取得：開始 ===
2025-04-23 21:56:37,149: [DEBUG] 
 >>> データ全件取得完了
2025-04-23 21:56:37,354: [DEBUG] 
 === 全件取得：開始 ===
2025-04-23 21:56:37,357: [DEBUG] 
 >>> データ全件取得完了
2025-04-23 21:56:37,566: [DEBUG] 
 === 全件取得：開始 ===
2025-04-23 21:56:37,571: [DEBUG] 
 >>> データ全件取得完了
2025-04-23 21:56:37,767: [DEBUG] 
 === 全件取得：開始 ===
2025-04-23 21:56:37,772: [DEBUG] 
 >>> データ全件取得完了
2025-04-23 21:56:37,978: [DEBUG] 
 === 全件取得：開始 ===
2025-04-23 21:56:37,982: [DEBUG] 
 >>> データ全件取得完了
2025-04-23 21:56:38,185: [DEBUG] 
 === 全件取得：開始 ===
2025-04-23 21:56:38,191: [DEBUG] 
 >>> データ全件取得完了
2025-04-23 21:56:38,404: [DEBUG] 
 === 全件取得：開始 ===
2025-04-23 21:56:38,407: [DEBUG] 
 >>> データ全件取得完了
2025-04-23 21:56:38,803: [DEBUG] 
 === 全件取得：開始 ===
2025-04-23 21:56:38,837: [DEBUG] 
 >>> データ全件取得完了
2025-04-23 21:56:39,024: [DEBUG] 
 === 全件取得：開始 ===
2025-04-23 21:56:39,027: [DEBUG] 
 >>> データ全件取得完了
2025-04-23 21:56:39,239: [DEBUG] 
 === 全件取得：開始 ===
2025-04-23 21:56:39,240: [DEBUG] 
 >>> データ全件取得完了
2025-04-23 21:56:39,445: [DEBUG] 
 === 全件取得：開始 ===
2025-04-23 21:56:39,454: [DEBUG] 
 >>> データ全件取得完了
2025-04-23 21:56:39,652: [DEBUG] 
 === 全件取得：開始 ===
2025-04-23 21:56:39,657: [DEBUG] 
 >>> データ全件取得完了
2025-04-23 21:56:39,857: [DEBUG] 
 === 全件取得：開始 ===
2025-04-23 21:56:39,861: [DEBUG] 
 >>> データ全件取得完了
2025-04-23 21:56:40,073: [DEBUG] 
 === 全件取得：開始 ===
2025-04-23 21:56:40,077: [DEBUG] 
 >>> データ全件取得完了
2025-04-23 21:56:40,274: [DEBUG] 
 === 全件取得：開始 ===
2025-04-23 21:56:40,277: [DEBUG] 
 >>> データ全件取得完了
2025-04-23 21:56:40,482: [DEBUG] 
 === 全件取得：開始 ===
2025-04-23 21:56:40,486: [DEBUG] 
 >>> データ全件取得完了
2025-04-23 21:56:40,689: [DEBUG] 
 === 全件取得：開始 ===
2025-04-23 21:56:40,695: [DEBUG] 
 >>> データ全件取得完了
2025-04-23 21:56:40,918: [DEBUG] 
 === 全件取得：開始 ===
2025-04-23 21:56:40,921: [DEBUG] 
 >>> データ全件取得完了
2025-04-23 21:56:41,103: [DEBUG] 
 === 全件取得：開始 ===
2025-04-23 21:56:41,108: [DEBUG] 
 >>> データ全件取得完了
2025-04-23 21:56:41,314: [DEBUG] 
 === 全件取得：開始 ===
2025-04-23 21:56:41,321: [DEBUG] 
 >>> データ全件取得完了
2025-04-23 21:56:41,519: [DEBUG] 
 === 全件取得：開始 ===
2025-04-23 21:56:41,523: [DEBUG] 
 >>> データ全件取得完了
2025-04-23 21:56:41,726: [DEBUG] 
 === 全件取得：開始 ===
2025-04-23 21:56:41,729: [DEBUG] 
 >>> データ全件取得完了
2025-04-23 21:56:41,936: [DEBUG] 
 === 全件取得：開始 ===
2025-04-23 21:56:41,939: [DEBUG] 
 >>> データ全件取得完了
2025-04-23 21:56:42,146: [DEBUG] 
 === 全件取得：開始 ===
2025-04-23 21:56:42,148: [DEBUG] 
 >>> データ全件取得完了
2025-04-23 21:56:42,351: [DEBUG] 
 === 全件取得：開始 ===
2025-04-23 21:56:42,355: [DEBUG] 
 >>> データ全件取得完了
2025-04-23 21:56:42,560: [DEBUG] 
 === 全件取得：開始 ===
2025-04-23 21:56:42,563: [DEBUG] 
 >>> データ全件取得完了
